Log file open, 02/11/22 13:31:09
LogWindows: Failed to load 'aqProf.dll' (GetLastError=126)
LogWindows: File 'aqProf.dll' does not exist
LogWindows: Failed to load 'VtuneApi.dll' (GetLastError=126)
LogWindows: File 'VtuneApi.dll' does not exist
LogWindows: Failed to load 'VtuneApi32e.dll' (GetLastError=126)
LogWindows: File 'VtuneApi32e.dll' does not exist
LogConsoleResponse: Display: Failed to find resolution value strings in scalability ini. Falling back to default.
LogConsoleResponse: Display: Failed to find resolution value strings in scalability ini. Falling back to default.
LogInit: Display: Running engine for game: InfiniteMatrix
LogPlatformFile: Not using cached read wrapper
LogTaskGraph: Started task graph with 5 named threads and 35 total threads with 3 sets of task threads.
LogStats: Stats thread started at 0.279119
LogICUInternationalization: ICU TimeZone Detection - Raw Offset: -6:00, Platform Override: ''
LogInit: Display: Loading text-based GConfig....
LogPluginManager: Mounting plugin MeshPainting
LogPluginManager: Mounting plugin XGEController
LogPluginManager: Mounting plugin Paper2D
LogPluginManager: Mounting plugin LiveLink
LogPluginManager: Mounting plugin AISupport
LogPluginManager: Mounting plugin EnvironmentQueryEditor
LogPluginManager: Mounting plugin LightPropagationVolume
LogPluginManager: Mounting plugin CameraShakePreviewer
LogPluginManager: Mounting plugin GameplayCameras
LogPluginManager: Mounting plugin OodleData
LogPluginManager: Mounting plugin OodleNetwork
LogPluginManager: Mounting plugin AnimationSharing
LogPluginManager: Mounting plugin CLionSourceCodeAccess
LogPluginManager: Mounting plugin AssetManagerEditor
LogPluginManager: Mounting plugin CodeLiteSourceCodeAccess
LogPluginManager: Mounting plugin GitSourceControl
LogPluginManager: Mounting plugin KDevelopSourceCodeAccess
LogPluginManager: Mounting plugin CryptoKeys
LogPluginManager: Mounting plugin CurveEditorTools
LogPluginManager: Mounting plugin NullSourceCodeAccess
LogPluginManager: Mounting plugin DataValidation
LogPluginManager: Mounting plugin GameplayTagsEditor
LogPluginManager: Mounting plugin FacialAnimation
LogPluginManager: Mounting plugin MacGraphicsSwitching
LogPluginManager: Mounting plugin GeometryMode
LogPluginManager: Mounting plugin PerforceSourceControl
LogPluginManager: Mounting plugin PixWinPlugin
LogPluginManager: Mounting plugin PlasticSourceControl
LogPluginManager: Mounting plugin PluginUtils
LogPluginManager: Mounting plugin PropertyAccessNode
LogPluginManager: Mounting plugin SubversionSourceControl
LogPluginManager: Mounting plugin TextureFormatOodle
LogPluginManager: Mounting plugin RiderSourceCodeAccess
LogPluginManager: Mounting plugin VisualStudioCodeSourceCodeAccess
LogPluginManager: Mounting plugin MaterialAnalyzer
LogPluginManager: Mounting plugin PluginBrowser
LogPluginManager: Mounting plugin MobileLauncherProfileWizard
LogPluginManager: Mounting plugin SpeedTreeImporter
LogPluginManager: Mounting plugin VisualStudioSourceCodeAccess
LogPluginManager: Mounting plugin XCodeSourceCodeAccess
LogPluginManager: Mounting plugin UObjectPlugin
LogPluginManager: Mounting plugin DatasmithContent
LogPluginManager: Mounting plugin VariantManagerContent
LogPluginManager: Mounting plugin AlembicImporter
LogPluginManager: Mounting plugin AutomationUtils
LogPluginManager: Mounting plugin BackChannel
LogPluginManager: Mounting plugin ChaosCloth
LogPluginManager: Mounting plugin LuminPlatformFeatures
LogPluginManager: Mounting plugin MagicLeap
LogPluginManager: Mounting plugin Niagara
LogPluginManager: Mounting plugin ChaosClothEditor
LogPluginManager: Mounting plugin ChaosNiagara
LogPluginManager: Mounting plugin ChaosSolverPlugin
LogPluginManager: Mounting plugin MagicLeapLightEstimation
LogPluginManager: Mounting plugin MagicLeapPassableWorld
LogPluginManager: Mounting plugin MagicLeapMedia
LogPluginManager: Mounting plugin CharacterAI
LogPluginManager: Mounting plugin GeometryCache
LogPluginManager: Mounting plugin MLSDK
LogPluginManager: Mounting plugin GeometryCollectionPlugin
LogPluginManager: Mounting plugin GeometryProcessing
LogPluginManager: Mounting plugin OpenImageDenoise
LogPluginManager: Mounting plugin MotoSynth
LogPluginManager: Mounting plugin PlanarCut
LogPluginManager: Mounting plugin PlatformCrypto
LogPluginManager: Mounting plugin ProxyLODPlugin
LogPluginManager: Mounting plugin PythonScriptPlugin
LogPluginManager: Mounting plugin SkeletalReduction
LogPluginManager: Mounting plugin AndroidMedia
LogPluginManager: Mounting plugin AvfMedia
LogPluginManager: Mounting plugin ImgMedia
LogPluginManager: Mounting plugin MediaCompositing
LogPluginManager: Mounting plugin MediaPlayerEditor
LogPluginManager: Mounting plugin WebMMedia
LogPluginManager: Mounting plugin WmfMedia
LogPluginManager: Mounting plugin TcpMessaging
LogPluginManager: Mounting plugin ActorSequence
LogPluginManager: Mounting plugin UdpMessaging
LogPluginManager: Mounting plugin LevelSequenceEditor
LogPluginManager: Mounting plugin MatineeToLevelSequence
LogPluginManager: Mounting plugin TemplateSequence
LogPluginManager: Mounting plugin OnlineSubsystem
LogPluginManager: Mounting plugin OnlineSubsystemUtils
LogPluginManager: Mounting plugin LauncherChunkInstaller
LogPluginManager: Mounting plugin ActorLayerUtilities
LogPluginManager: Mounting plugin OnlineSubsystemNull
LogPluginManager: Mounting plugin AndroidDeviceProfileSelector
LogPluginManager: Mounting plugin AndroidMoviePlayer
LogPluginManager: Mounting plugin AppleMoviePlayer
LogPluginManager: Mounting plugin ArchVisCharacter
LogPluginManager: Mounting plugin AssetTags
LogPluginManager: Mounting plugin AudioCapture
LogPluginManager: Mounting plugin AudioSynesthesia
LogPluginManager: Mounting plugin CableComponent
LogPluginManager: Mounting plugin ChunkDownloader
LogPluginManager: Mounting plugin CustomMeshComponent
LogPluginManager: Mounting plugin EditableMesh
LogPluginManager: Mounting plugin ExampleDeviceProfileSelector
LogPluginManager: Mounting plugin GoogleCloudMessaging
LogPluginManager: Mounting plugin GooglePAD
LogPluginManager: Mounting plugin IOSDeviceProfileSelector
LogPluginManager: Mounting plugin LinuxDeviceProfileSelector
LogPluginManager: Mounting plugin LocationServicesBPLibrary
LogPluginManager: Mounting plugin MobilePatchingUtils
LogPluginManager: Mounting plugin OpenXR
LogPluginManager: Mounting plugin OpenXREyeTracker
LogPluginManager: Mounting plugin OpenXRHandTracking
LogPluginManager: Mounting plugin PhysXVehicles
LogPluginManager: Mounting plugin PostSplashScreen
LogPluginManager: Mounting plugin ScreenshotTools
LogPluginManager: Mounting plugin ProceduralMeshComponent
LogPluginManager: Mounting plugin PropertyAccessEditor
LogPluginManager: Mounting plugin RuntimePhysXCooking
LogPluginManager: Mounting plugin SignificanceManager
LogPluginManager: Mounting plugin SoundFields
LogPluginManager: Mounting plugin Synthesis
LogPluginManager: Mounting plugin WebMMoviePlayer
LogPluginManager: Mounting plugin AppleImageUtils
LogPluginManager: Mounting plugin WindowsMoviePlayer
LogPluginManager: Mounting plugin Takes
LogPluginManager: Mounting plugin AndroidPermission
LogPluginManager: Mounting plugin ChaosEditor
LogPluginManager: Mounting plugin ContentBrowserAssetDataSource
LogPluginManager: Mounting plugin ContentBrowserClassDataSource
LogPluginManager: Mounting plugin ContentBrowserFileDataSource
LogPluginManager: Mounting plugin OnlineSubsystemGooglePlay
LogPluginManager: Mounting plugin OnlineSubsystemIOS
LogPluginManager: Mounting plugin OculusVR
LogPluginManager: Mounting plugin SteamVR
PixWinPlugin: PIX capture plugin failed to initialize! Check that the process is launched from PIX.
LogInit: Using libcurl 7.55.1-DEV
LogInit:  - built for x86_64-pc-win32
LogInit:  - supports SSL with OpenSSL/1.1.1
LogInit:  - supports HTTP deflate (compression) using libz 1.2.8
LogInit:  - other features:
LogInit:      CURL_VERSION_SSL
LogInit:      CURL_VERSION_LIBZ
LogInit:      CURL_VERSION_IPV6
LogInit:      CURL_VERSION_ASYNCHDNS
LogInit:      CURL_VERSION_LARGEFILE
LogInit:      CURL_VERSION_IDN
LogInit:  CurlRequestOptions (configurable via config and command line):
LogInit:  - bVerifyPeer = true  - Libcurl will verify peer certificate
LogInit:  - bUseHttpProxy = false  - Libcurl will NOT use HTTP proxy
LogInit:  - bDontReuseConnections = false  - Libcurl will reuse connections
LogInit:  - MaxHostConnections = 16  - Libcurl will limit the number of connections to a host
LogInit:  - LocalHostAddr = Default
LogInit:  - BufferSize = 65536
LogOnline: OSS: Creating online subsystem instance for: NULL
LogInit: WinSock: version 1.1 (2.2), MaxSocks=32767, MaxUdp=65467
LogOnline: OSS: TryLoadSubsystemAndSetDefault: Loaded subsystem for module [NULL]
LogOculusPluginWrapper: OculusPlugin initialized successfully
LogHMD: Failed initializing OVRPlugin 1.59.0
LogInit: Build: ++UE4+Release-4.27-CL-18319896
LogInit: Engine Version: 4.27.2-18319896+++UE4+Release-4.27
LogInit: Compatible Engine Version: 4.27.0-17155196+++UE4+Release-4.27
LogInit: Net CL: 17155196
LogInit: OS: Windows 10 (Release 2009) (), CPU: AMD Ryzen 5 3600 6-Core Processor              , GPU: NVIDIA GeForce GTX 1060 6GB
LogInit: Compiled (64-bit): Nov 30 2021 07:12:08
LogInit: Compiled with Visual C++: 19.24.28315.00
LogInit: Build Configuration: Development
LogInit: Branch Name: ++UE4+Release-4.27
LogInit: Command Line:  -EpicPortal -epicusername=lputput -epicuserid=0b5b8422a70b4b46873683e7606174e6 -epiclocale=en -epicsandboxid=ue
LogInit: Base Directory: C:/Program Files/Epic Games/UE_4.27/Engine/Binaries/Win64/
LogInit: Allocator: TBB
LogInit: Installed Engine Build: 1
LogDevObjectVersion: Number of dev versions registered: 29
LogDevObjectVersion:   Dev-Blueprints (B0D832E4-1F89-4F0D-ACCF-7EB736FD4AA2): 10
LogDevObjectVersion:   Dev-Build (E1C64328-A22C-4D53-A36C-8E866417BD8C): 0
LogDevObjectVersion:   Dev-Core (375EC13C-06E4-48FB-B500-84F0262A717E): 4
LogDevObjectVersion:   Dev-Editor (E4B068ED-F494-42E9-A231-DA0B2E46BB41): 40
LogDevObjectVersion:   Dev-Framework (CFFC743F-43B0-4480-9391-14DF171D2073): 37
LogDevObjectVersion:   Dev-Mobile (B02B49B5-BB20-44E9-A304-32B752E40360): 3
LogDevObjectVersion:   Dev-Networking (A4E4105C-59A1-49B5-A7C5-40C4547EDFEE): 0
LogDevObjectVersion:   Dev-Online (39C831C9-5AE6-47DC-9A44-9C173E1C8E7C): 0
LogDevObjectVersion:   Dev-Physics (78F01B33-EBEA-4F98-B9B4-84EACCB95AA2): 14
LogDevObjectVersion:   Dev-Platform (6631380F-2D4D-43E0-8009-CF276956A95A): 0
LogDevObjectVersion:   Dev-Rendering (12F88B9F-8875-4AFC-A67C-D90C383ABD29): 45
LogDevObjectVersion:   Dev-Sequencer (7B5AE74C-D270-4C10-A958-57980B212A5A): 13
LogDevObjectVersion:   Dev-VR (D7296918-1DD6-4BDD-9DE2-64A83CC13884): 3
LogDevObjectVersion:   Dev-LoadTimes (C2A15278-BFE7-4AFE-6C17-90FF531DF755): 1
LogDevObjectVersion:   Private-Geometry (6EACA3D4-40EC-4CC1-B786-8BED09428FC5): 3
LogDevObjectVersion:   Dev-AnimPhys (29E575DD-E0A3-4627-9D10-D276232CDCEA): 17
LogDevObjectVersion:   Dev-Anim (AF43A65D-7FD3-4947-9873-3E8ED9C1BB05): 15
LogDevObjectVersion:   Dev-ReflectionCapture (6B266CEC-1EC7-4B8F-A30B-E4D90942FC07): 1
LogDevObjectVersion:   Dev-Automation (0DF73D61-A23F-47EA-B727-89E90C41499A): 1
LogDevObjectVersion:   FortniteMain (601D1886-AC64-4F84-AA16-D3DE0DEAC7D6): 47
LogDevObjectVersion:   FortniteRelease (E7086368-6B23-4C58-8439-1B7016265E91): 1
LogDevObjectVersion:   Dev-Enterprise (9DFFBCD6-494F-0158-E221-12823C92A888): 10
LogDevObjectVersion:   Dev-Niagara (F2AED0AC-9AFE-416F-8664-AA7FFA26D6FC): 1
LogDevObjectVersion:   Dev-Destruction (174F1F0B-B4C6-45A5-B13F-2EE8D0FB917D): 10
LogDevObjectVersion:   Dev-Physics-Ext (35F94A83-E258-406C-A318-09F59610247C): 41
LogDevObjectVersion:   Dev-PhysicsMaterial-Chaos (B68FC16E-8B1B-42E2-B453-215C058844FE): 1
LogDevObjectVersion:   Dev-CineCamera (B2E18506-4273-CFC2-A54E-F4BB758BBA07): 1
LogDevObjectVersion:   Dev-VirtualProduction (64F58936-FD1B-42BA-BA96-7289D5D0FA4E): 1
LogDevObjectVersion:   Dev-MediaFramework (6F0ED827-A609-4895-9C91-998D90180EA4): 2
LogInit: Presizing for max 25165824 objects, including 0 objects not considered by GC, pre-allocating 0 bytes for permanent pool.
LogConfig: Applying CVar settings from Section [/Script/Engine.StreamingSettings] File [C:/Users/drlrd/OneDrive/Documents/Unreal Projects/InfiniteMatrixStarterProject/InfiniteMatrixStarter 4.27/Saved/Config/Windows/Engine.ini]
LogConfig: Setting CVar [[s.MinBulkDataSizeForAsyncLoading:131072]]
LogConfig: Setting CVar [[s.AsyncLoadingThreadEnabled:0]]
LogConfig: Setting CVar [[s.EventDrivenLoaderEnabled:1]]
LogConfig: Setting CVar [[s.WarnIfTimeLimitExceeded:0]]
LogConfig: Setting CVar [[s.TimeLimitExceededMultiplier:1.5]]
LogConfig: Setting CVar [[s.TimeLimitExceededMinTime:0.005]]
LogConfig: Setting CVar [[s.UseBackgroundLevelStreaming:1]]
LogConfig: Setting CVar [[s.PriorityAsyncLoadingExtraTime:15.0]]
LogConfig: Setting CVar [[s.LevelStreamingActorsUpdateTimeLimit:5.0]]
LogConfig: Setting CVar [[s.PriorityLevelStreamingActorsUpdateExtraTime:5.0]]
LogConfig: Setting CVar [[s.LevelStreamingComponentsRegistrationGranularity:10]]
LogConfig: Setting CVar [[s.UnregisterComponentsTimeLimit:1.0]]
LogConfig: Setting CVar [[s.LevelStreamingComponentsUnregistrationGranularity:5]]
LogConfig: Setting CVar [[s.FlushStreamingOnExit:1]]
LogInit: Object subsystem initialized
LogConfig: Setting CVar [[con.DebugEarlyDefault:1]]
LogConfig: Setting CVar [[r.setres:1280x720]]
[2022.02.11-19.31.10:842][  0]LogConfig: Setting CVar [[r.VSync:0]]
[2022.02.11-19.31.10:842][  0]LogConfig: Setting CVar [[r.RHICmdBypass:0]]
[2022.02.11-19.31.10:843][  0]LogConfig: Applying CVar settings from Section [/Script/Engine.RendererSettings] File [C:/Users/drlrd/OneDrive/Documents/Unreal Projects/InfiniteMatrixStarterProject/InfiniteMatrixStarter 4.27/Saved/Config/Windows/Engine.ini]
[2022.02.11-19.31.10:843][  0]LogConfig: Setting CVar [[r.GPUCrashDebugging:0]]
[2022.02.11-19.31.10:843][  0]LogConfig: Applying CVar settings from Section [/Script/Engine.RendererOverrideSettings] File [C:/Users/drlrd/OneDrive/Documents/Unreal Projects/InfiniteMatrixStarterProject/InfiniteMatrixStarter 4.27/Saved/Config/Windows/Engine.ini]
[2022.02.11-19.31.10:843][  0]LogConfig: Applying CVar settings from Section [/Script/Engine.StreamingSettings] File [C:/Users/drlrd/OneDrive/Documents/Unreal Projects/InfiniteMatrixStarterProject/InfiniteMatrixStarter 4.27/Saved/Config/Windows/Engine.ini]
[2022.02.11-19.31.10:843][  0]LogConfig: Setting CVar [[s.MinBulkDataSizeForAsyncLoading:131072]]
[2022.02.11-19.31.10:843][  0]LogConfig: Setting CVar [[s.AsyncLoadingThreadEnabled:0]]
[2022.02.11-19.31.10:843][  0]LogConfig: Setting CVar [[s.EventDrivenLoaderEnabled:1]]
[2022.02.11-19.31.10:843][  0]LogConfig: Setting CVar [[s.WarnIfTimeLimitExceeded:0]]
[2022.02.11-19.31.10:843][  0]LogConfig: Setting CVar [[s.TimeLimitExceededMultiplier:1.5]]
[2022.02.11-19.31.10:843][  0]LogConfig: Setting CVar [[s.TimeLimitExceededMinTime:0.005]]
[2022.02.11-19.31.10:843][  0]LogConfig: Setting CVar [[s.UseBackgroundLevelStreaming:1]]
[2022.02.11-19.31.10:843][  0]LogConfig: Setting CVar [[s.PriorityAsyncLoadingExtraTime:15.0]]
[2022.02.11-19.31.10:843][  0]LogConfig: Setting CVar [[s.LevelStreamingActorsUpdateTimeLimit:5.0]]
[2022.02.11-19.31.10:843][  0]LogConfig: Setting CVar [[s.PriorityLevelStreamingActorsUpdateExtraTime:5.0]]
[2022.02.11-19.31.10:843][  0]LogConfig: Setting CVar [[s.LevelStreamingComponentsRegistrationGranularity:10]]
[2022.02.11-19.31.10:843][  0]LogConfig: Setting CVar [[s.UnregisterComponentsTimeLimit:1.0]]
[2022.02.11-19.31.10:843][  0]LogConfig: Setting CVar [[s.LevelStreamingComponentsUnregistrationGranularity:5]]
[2022.02.11-19.31.10:843][  0]LogConfig: Setting CVar [[s.FlushStreamingOnExit:1]]
[2022.02.11-19.31.10:843][  0]LogConfig: Applying CVar settings from Section [/Script/Engine.GarbageCollectionSettings] File [C:/Users/drlrd/OneDrive/Documents/Unreal Projects/InfiniteMatrixStarterProject/InfiniteMatrixStarter 4.27/Saved/Config/Windows/Engine.ini]
[2022.02.11-19.31.10:843][  0]LogConfig: Setting CVar [[gc.MaxObjectsNotConsideredByGC:1]]
[2022.02.11-19.31.10:843][  0]LogConfig: Setting CVar [[gc.SizeOfPermanentObjectPool:0]]
[2022.02.11-19.31.10:843][  0]LogConfig: Setting CVar [[gc.FlushStreamingOnGC:0]]
[2022.02.11-19.31.10:844][  0]LogConfig: Setting CVar [[gc.NumRetriesBeforeForcingGC:10]]
[2022.02.11-19.31.10:844][  0]LogConfig: Setting CVar [[gc.AllowParallelGC:1]]
[2022.02.11-19.31.10:844][  0]LogConfig: Setting CVar [[gc.TimeBetweenPurgingPendingKillObjects:61.1]]
[2022.02.11-19.31.10:844][  0]LogConfig: Setting CVar [[gc.MaxObjectsInEditor:25165824]]
[2022.02.11-19.31.10:844][  0]LogConfig: Setting CVar [[gc.IncrementalBeginDestroyEnabled:1]]
[2022.02.11-19.31.10:844][  0]LogConfig: Setting CVar [[gc.CreateGCClusters:1]]
[2022.02.11-19.31.10:844][  0]LogConfig: Setting CVar [[gc.MinGCClusterSize:5]]
[2022.02.11-19.31.10:844][  0]LogConfig: Setting CVar [[gc.ActorClusteringEnabled:0]]
[2022.02.11-19.31.10:844][  0]LogConfig: Setting CVar [[gc.BlueprintClusteringEnabled:0]]
[2022.02.11-19.31.10:844][  0]LogConfig: Setting CVar [[gc.UseDisregardForGCOnDedicatedServers:0]]
[2022.02.11-19.31.10:844][  0]LogConfig: Setting CVar [[gc.MultithreadedDestructionEnabled:1]]
[2022.02.11-19.31.10:844][  0]LogConfig: Applying CVar settings from Section [/Script/Engine.NetworkSettings] File [C:/Users/drlrd/OneDrive/Documents/Unreal Projects/InfiniteMatrixStarterProject/InfiniteMatrixStarter 4.27/Saved/Config/Windows/Engine.ini]
[2022.02.11-19.31.10:844][  0]LogConfig: Applying CVar settings from Section [/Script/UnrealEd.CookerSettings] File [C:/Users/drlrd/OneDrive/Documents/Unreal Projects/InfiniteMatrixStarterProject/InfiniteMatrixStarter 4.27/Saved/Config/Windows/Engine.ini]
[2022.02.11-19.31.10:851][  0]LogConfig: Applying CVar settings from Section [ViewDistanceQuality@3] File [C:/Users/drlrd/OneDrive/Documents/Unreal Projects/InfiniteMatrixStarterProject/InfiniteMatrixStarter 4.27/Saved/Config/Windows/Scalability.ini]
[2022.02.11-19.31.10:852][  0]LogConfig: Setting CVar [[r.SkeletalMeshLODBias:0]]
[2022.02.11-19.31.10:852][  0]LogConfig: Setting CVar [[r.ViewDistanceScale:1.0]]
[2022.02.11-19.31.10:852][  0]LogConfig: Applying CVar settings from Section [AntiAliasingQuality@3] File [C:/Users/drlrd/OneDrive/Documents/Unreal Projects/InfiniteMatrixStarterProject/InfiniteMatrixStarter 4.27/Saved/Config/Windows/Scalability.ini]
[2022.02.11-19.31.10:852][  0]LogConfig: Setting CVar [[r.PostProcessAAQuality:4]]
[2022.02.11-19.31.10:852][  0]LogConfig: Applying CVar settings from Section [ShadowQuality@3] File [C:/Users/drlrd/OneDrive/Documents/Unreal Projects/InfiniteMatrixStarterProject/InfiniteMatrixStarter 4.27/Saved/Config/Windows/Scalability.ini]
[2022.02.11-19.31.10:852][  0]LogConfig: Setting CVar [[r.LightFunctionQuality:1]]
[2022.02.11-19.31.10:852][  0]LogConfig: Setting CVar [[r.ShadowQuality:5]]
[2022.02.11-19.31.10:852][  0]LogConfig: Setting CVar [[r.Shadow.CSM.MaxCascades:10]]
[2022.02.11-19.31.10:852][  0]LogConfig: Setting CVar [[r.Shadow.MaxResolution:2048]]
[2022.02.11-19.31.10:852][  0]LogConfig: Setting CVar [[r.Shadow.MaxCSMResolution:2048]]
[2022.02.11-19.31.10:852][  0]LogConfig: Setting CVar [[r.Shadow.RadiusThreshold:0.01]]
[2022.02.11-19.31.10:852][  0]LogConfig: Setting CVar [[r.Shadow.DistanceScale:1.0]]
[2022.02.11-19.31.10:852][  0]LogConfig: Setting CVar [[r.Shadow.CSM.TransitionScale:1.0]]
[2022.02.11-19.31.10:852][  0]LogConfig: Setting CVar [[r.Shadow.PreShadowResolutionFactor:1.0]]
[2022.02.11-19.31.10:852][  0]LogConfig: Setting CVar [[r.DistanceFieldShadowing:1]]
[2022.02.11-19.31.10:852][  0]LogConfig: Setting CVar [[r.DistanceFieldAO:1]]
[2022.02.11-19.31.10:852][  0]LogConfig: Setting CVar [[r.AOQuality:2]]
[2022.02.11-19.31.10:852][  0]LogConfig: Setting CVar [[r.VolumetricFog:1]]
[2022.02.11-19.31.10:852][  0]LogConfig: Setting CVar [[r.VolumetricFog.GridPixelSize:8]]
[2022.02.11-19.31.10:852][  0]LogConfig: Setting CVar [[r.VolumetricFog.GridSizeZ:128]]
[2022.02.11-19.31.10:852][  0]LogConfig: Setting CVar [[r.VolumetricFog.HistoryMissSupersampleCount:4]]
[2022.02.11-19.31.10:852][  0]LogConfig: Setting CVar [[r.LightMaxDrawDistanceScale:1]]
[2022.02.11-19.31.10:852][  0]LogConfig: Setting CVar [[r.CapsuleShadows:1]]
[2022.02.11-19.31.10:852][  0]LogConfig: Applying CVar settings from Section [PostProcessQuality@3] File [C:/Users/drlrd/OneDrive/Documents/Unreal Projects/InfiniteMatrixStarterProject/InfiniteMatrixStarter 4.27/Saved/Config/Windows/Scalability.ini]
[2022.02.11-19.31.10:852][  0]LogConfig: Setting CVar [[r.MotionBlurQuality:4]]
[2022.02.11-19.31.10:852][  0]LogConfig: Setting CVar [[r.AmbientOcclusionMipLevelFactor:0.4]]
[2022.02.11-19.31.10:852][  0]LogConfig: Setting CVar [[r.AmbientOcclusionMaxQuality:100]]
[2022.02.11-19.31.10:853][  0]LogConfig: Setting CVar [[r.AmbientOcclusionLevels:-1]]
[2022.02.11-19.31.10:853][  0]LogConfig: Setting CVar [[r.AmbientOcclusionRadiusScale:1.0]]
[2022.02.11-19.31.10:853][  0]LogConfig: Setting CVar [[r.DepthOfFieldQuality:2]]
[2022.02.11-19.31.10:853][  0]LogConfig: Setting CVar [[r.RenderTargetPoolMin:400]]
[2022.02.11-19.31.10:853][  0]LogConfig: Setting CVar [[r.LensFlareQuality:2]]
[2022.02.11-19.31.10:853][  0]LogConfig: Setting CVar [[r.SceneColorFringeQuality:1]]
[2022.02.11-19.31.10:853][  0]LogConfig: Setting CVar [[r.EyeAdaptationQuality:2]]
[2022.02.11-19.31.10:853][  0]LogConfig: Setting CVar [[r.BloomQuality:5]]
[2022.02.11-19.31.10:853][  0]LogConfig: Setting CVar [[r.FastBlurThreshold:100]]
[2022.02.11-19.31.10:853][  0]LogConfig: Setting CVar [[r.Upscale.Quality:3]]
[2022.02.11-19.31.10:853][  0]LogConfig: Setting CVar [[r.Tonemapper.GrainQuantization:1]]
[2022.02.11-19.31.10:853][  0]LogConfig: Setting CVar [[r.LightShaftQuality:1]]
[2022.02.11-19.31.10:853][  0]LogConfig: Setting CVar [[r.Filter.SizeScale:1]]
[2022.02.11-19.31.10:853][  0]LogConfig: Setting CVar [[r.Tonemapper.Quality:5]]
[2022.02.11-19.31.10:853][  0]LogConfig: Setting CVar [[r.DOF.Gather.AccumulatorQuality:1        ; higher gathering accumulator quality]]
[2022.02.11-19.31.10:853][  0]LogConfig: Setting CVar [[r.DOF.Gather.PostfilterMethod:1          ; Median3x3 postfilering method]]
[2022.02.11-19.31.10:853][  0]LogConfig: Setting CVar [[r.DOF.Gather.EnableBokehSettings:0       ; no bokeh simulation when gathering]]
[2022.02.11-19.31.10:853][  0]LogConfig: Setting CVar [[r.DOF.Gather.RingCount:4                 ; medium number of samples when gathering]]
[2022.02.11-19.31.10:853][  0]LogConfig: Setting CVar [[r.DOF.Scatter.ForegroundCompositing:1    ; additive foreground scattering]]
[2022.02.11-19.31.10:853][  0]LogConfig: Setting CVar [[r.DOF.Scatter.BackgroundCompositing:2    ; additive background scattering]]
[2022.02.11-19.31.10:853][  0]LogConfig: Setting CVar [[r.DOF.Scatter.EnableBokehSettings:1      ; bokeh simulation when scattering]]
[2022.02.11-19.31.10:853][  0]LogConfig: Setting CVar [[r.DOF.Scatter.MaxSpriteRatio:0.1         ; only a maximum of 10% of scattered bokeh]]
[2022.02.11-19.31.10:853][  0]LogConfig: Setting CVar [[r.DOF.Recombine.Quality:1                ; cheap slight out of focus]]
[2022.02.11-19.31.10:853][  0]LogConfig: Setting CVar [[r.DOF.Recombine.EnableBokehSettings:0    ; no bokeh simulation on slight out of focus]]
[2022.02.11-19.31.10:853][  0]LogConfig: Setting CVar [[r.DOF.TemporalAAQuality:1                ; more stable temporal accumulation]]
[2022.02.11-19.31.10:853][  0]LogConfig: Setting CVar [[r.DOF.Kernel.MaxForegroundRadius:0.025]]
[2022.02.11-19.31.10:853][  0]LogConfig: Setting CVar [[r.DOF.Kernel.MaxBackgroundRadius:0.025]]
[2022.02.11-19.31.10:853][  0]LogConfig: Applying CVar settings from Section [TextureQuality@3] File [C:/Users/drlrd/OneDrive/Documents/Unreal Projects/InfiniteMatrixStarterProject/InfiniteMatrixStarter 4.27/Saved/Config/Windows/Scalability.ini]
[2022.02.11-19.31.10:853][  0]LogConfig: Setting CVar [[r.Streaming.MipBias:0]]
[2022.02.11-19.31.10:854][  0]LogConfig: Setting CVar [[r.Streaming.AmortizeCPUToGPUCopy:0]]
[2022.02.11-19.31.10:854][  0]LogConfig: Setting CVar [[r.Streaming.MaxNumTexturesToStreamPerFrame:0]]
[2022.02.11-19.31.10:854][  0]LogConfig: Setting CVar [[r.Streaming.Boost:1]]
[2022.02.11-19.31.10:854][  0]LogConfig: Setting CVar [[r.MaxAnisotropy:8]]
[2022.02.11-19.31.10:854][  0]LogConfig: Setting CVar [[r.VT.MaxAnisotropy:8]]
[2022.02.11-19.31.10:854][  0]LogConfig: Setting CVar [[r.Streaming.LimitPoolSizeToVRAM:0]]
[2022.02.11-19.31.10:854][  0]LogConfig: Setting CVar [[r.Streaming.PoolSize:1000]]
[2022.02.11-19.31.10:854][  0]LogConfig: Setting CVar [[r.Streaming.MaxEffectiveScreenSize:0]]
[2022.02.11-19.31.10:854][  0]LogConfig: Applying CVar settings from Section [EffectsQuality@3] File [C:/Users/drlrd/OneDrive/Documents/Unreal Projects/InfiniteMatrixStarterProject/InfiniteMatrixStarter 4.27/Saved/Config/Windows/Scalability.ini]
[2022.02.11-19.31.10:854][  0]LogConfig: Setting CVar [[r.TranslucencyLightingVolumeDim:64]]
[2022.02.11-19.31.10:854][  0]LogConfig: Setting CVar [[r.RefractionQuality:2]]
[2022.02.11-19.31.10:854][  0]LogConfig: Setting CVar [[r.SSR.Quality:3]]
[2022.02.11-19.31.10:854][  0]LogConfig: Setting CVar [[r.SSR.HalfResSceneColor:0]]
[2022.02.11-19.31.10:854][  0]LogConfig: Setting CVar [[r.SceneColorFormat:4]]
[2022.02.11-19.31.10:854][  0]LogConfig: Setting CVar [[r.DetailMode:2]]
[2022.02.11-19.31.10:854][  0]LogConfig: Setting CVar [[r.TranslucencyVolumeBlur:1]]
[2022.02.11-19.31.10:854][  0]LogConfig: Setting CVar [[r.MaterialQualityLevel:1 ; High quality]]
[2022.02.11-19.31.10:854][  0]LogConfig: Setting CVar [[r.AnisotropicMaterials:1]]
[2022.02.11-19.31.10:854][  0]LogConfig: Setting CVar [[r.SSS.Scale:1]]
[2022.02.11-19.31.10:854][  0]LogConfig: Setting CVar [[r.SSS.SampleSet:2]]
[2022.02.11-19.31.10:854][  0]LogConfig: Setting CVar [[r.SSS.Quality:1]]
[2022.02.11-19.31.10:854][  0]LogConfig: Setting CVar [[r.SSS.HalfRes:0]]
[2022.02.11-19.31.10:854][  0]LogConfig: Setting CVar [[r.SSGI.Quality:3]]
[2022.02.11-19.31.10:854][  0]LogConfig: Setting CVar [[r.EmitterSpawnRateScale:1.0]]
[2022.02.11-19.31.10:854][  0]LogConfig: Setting CVar [[r.ParticleLightQuality:2]]
[2022.02.11-19.31.10:854][  0]LogConfig: Setting CVar [[r.SkyAtmosphere.AerialPerspectiveLUT.FastApplyOnOpaque:1 ; Always have FastSkyLUT 1 in this case to avoid wrong sky]]
[2022.02.11-19.31.10:854][  0]LogConfig: Setting CVar [[r.SkyAtmosphere.AerialPerspectiveLUT.SampleCountMaxPerSlice:4]]
[2022.02.11-19.31.10:854][  0]LogConfig: Setting CVar [[r.SkyAtmosphere.AerialPerspectiveLUT.DepthResolution:16.0]]
[2022.02.11-19.31.10:854][  0]LogConfig: Setting CVar [[r.SkyAtmosphere.FastSkyLUT:1]]
[2022.02.11-19.31.10:854][  0]LogConfig: Setting CVar [[r.SkyAtmosphere.FastSkyLUT.SampleCountMin:4.0]]
[2022.02.11-19.31.10:854][  0]LogConfig: Setting CVar [[r.SkyAtmosphere.FastSkyLUT.SampleCountMax:128.0]]
[2022.02.11-19.31.10:855][  0]LogConfig: Setting CVar [[r.SkyAtmosphere.SampleCountMin:4.0]]
[2022.02.11-19.31.10:855][  0]LogConfig: Setting CVar [[r.SkyAtmosphere.SampleCountMax:128.0]]
[2022.02.11-19.31.10:855][  0]LogConfig: Setting CVar [[r.SkyAtmosphere.TransmittanceLUT.UseSmallFormat:0]]
[2022.02.11-19.31.10:855][  0]LogConfig: Setting CVar [[r.SkyAtmosphere.TransmittanceLUT.SampleCount:10.0]]
[2022.02.11-19.31.10:855][  0]LogConfig: Setting CVar [[r.SkyAtmosphere.MultiScatteringLUT.SampleCount:15.0]]
[2022.02.11-19.31.10:855][  0]LogConfig: Setting CVar [[r.SkyLight.RealTimeReflectionCapture:1]]
[2022.02.11-19.31.10:855][  0]LogConfig: Applying CVar settings from Section [FoliageQuality@3] File [C:/Users/drlrd/OneDrive/Documents/Unreal Projects/InfiniteMatrixStarterProject/InfiniteMatrixStarter 4.27/Saved/Config/Windows/Scalability.ini]
[2022.02.11-19.31.10:855][  0]LogConfig: Setting CVar [[foliage.DensityScale:1.0]]
[2022.02.11-19.31.10:855][  0]LogConfig: Setting CVar [[grass.DensityScale:1.0]]
[2022.02.11-19.31.10:856][  0]LogConfig: Applying CVar settings from Section [ShadingQuality@3] File [C:/Users/drlrd/OneDrive/Documents/Unreal Projects/InfiniteMatrixStarterProject/InfiniteMatrixStarter 4.27/Saved/Config/Windows/Scalability.ini]
[2022.02.11-19.31.10:856][  0]LogConfig: Setting CVar [[r.HairStrands.SkyLighting.IntegrationType:2]]
[2022.02.11-19.31.10:856][  0]LogConfig: Setting CVar [[r.HairStrands.SkyAO.SampleCount:4]]
[2022.02.11-19.31.10:856][  0]LogConfig: Setting CVar [[r.HairStrands.Visibility.MSAA.SamplePerPixel:4]]
[2022.02.11-19.31.10:856][  0]LogInit: Selected Device Profile: [Windows]
[2022.02.11-19.31.10:856][  0]LogInit: Applying CVar settings loaded from the selected device profile: [Windows]
[2022.02.11-19.31.10:856][  0]LogHAL: Display: Platform has ~ 16 GB [17083957248 / 17179869184 / 16], which maps to Larger [LargestMinGB=32, LargerMinGB=12, DefaultMinGB=8, SmallerMinGB=6, SmallestMinGB=0)
[2022.02.11-19.31.10:856][  0]LogInit: Going up to parent DeviceProfile []
[2022.02.11-19.31.10:856][  0]LogConfig: Applying CVar settings from Section [ViewDistanceQuality@3] File [C:/Users/drlrd/OneDrive/Documents/Unreal Projects/InfiniteMatrixStarterProject/InfiniteMatrixStarter 4.27/Saved/Config/Windows/Scalability.ini]
[2022.02.11-19.31.10:856][  0]LogConfig: Setting CVar [[r.SkeletalMeshLODBias:0]]
[2022.02.11-19.31.10:856][  0]LogConfig: Setting CVar [[r.ViewDistanceScale:1.0]]
[2022.02.11-19.31.10:856][  0]LogConfig: Applying CVar settings from Section [AntiAliasingQuality@3] File [C:/Users/drlrd/OneDrive/Documents/Unreal Projects/InfiniteMatrixStarterProject/InfiniteMatrixStarter 4.27/Saved/Config/Windows/Scalability.ini]
[2022.02.11-19.31.10:856][  0]LogConfig: Setting CVar [[r.PostProcessAAQuality:4]]
[2022.02.11-19.31.10:856][  0]LogConfig: Applying CVar settings from Section [ShadowQuality@3] File [C:/Users/drlrd/OneDrive/Documents/Unreal Projects/InfiniteMatrixStarterProject/InfiniteMatrixStarter 4.27/Saved/Config/Windows/Scalability.ini]
[2022.02.11-19.31.10:856][  0]LogConfig: Setting CVar [[r.LightFunctionQuality:1]]
[2022.02.11-19.31.10:856][  0]LogConfig: Setting CVar [[r.ShadowQuality:5]]
[2022.02.11-19.31.10:856][  0]LogConfig: Setting CVar [[r.Shadow.CSM.MaxCascades:10]]
[2022.02.11-19.31.10:856][  0]LogConfig: Setting CVar [[r.Shadow.MaxResolution:2048]]
[2022.02.11-19.31.10:857][  0]LogConfig: Setting CVar [[r.Shadow.MaxCSMResolution:2048]]
[2022.02.11-19.31.10:857][  0]LogConfig: Setting CVar [[r.Shadow.RadiusThreshold:0.01]]
[2022.02.11-19.31.10:857][  0]LogConfig: Setting CVar [[r.Shadow.DistanceScale:1.0]]
[2022.02.11-19.31.10:857][  0]LogConfig: Setting CVar [[r.Shadow.CSM.TransitionScale:1.0]]
[2022.02.11-19.31.10:857][  0]LogConfig: Setting CVar [[r.Shadow.PreShadowResolutionFactor:1.0]]
[2022.02.11-19.31.10:857][  0]LogConfig: Setting CVar [[r.DistanceFieldShadowing:1]]
[2022.02.11-19.31.10:857][  0]LogConfig: Setting CVar [[r.DistanceFieldAO:1]]
[2022.02.11-19.31.10:857][  0]LogConfig: Setting CVar [[r.AOQuality:2]]
[2022.02.11-19.31.10:857][  0]LogConfig: Setting CVar [[r.VolumetricFog:1]]
[2022.02.11-19.31.10:857][  0]LogConfig: Setting CVar [[r.VolumetricFog.GridPixelSize:8]]
[2022.02.11-19.31.10:857][  0]LogConfig: Setting CVar [[r.VolumetricFog.GridSizeZ:128]]
[2022.02.11-19.31.10:857][  0]LogConfig: Setting CVar [[r.VolumetricFog.HistoryMissSupersampleCount:4]]
[2022.02.11-19.31.10:857][  0]LogConfig: Setting CVar [[r.LightMaxDrawDistanceScale:1]]
[2022.02.11-19.31.10:857][  0]LogConfig: Setting CVar [[r.CapsuleShadows:1]]
[2022.02.11-19.31.10:857][  0]LogConfig: Applying CVar settings from Section [PostProcessQuality@3] File [C:/Users/drlrd/OneDrive/Documents/Unreal Projects/InfiniteMatrixStarterProject/InfiniteMatrixStarter 4.27/Saved/Config/Windows/Scalability.ini]
[2022.02.11-19.31.10:857][  0]LogConfig: Setting CVar [[r.MotionBlurQuality:4]]
[2022.02.11-19.31.10:857][  0]LogConfig: Setting CVar [[r.AmbientOcclusionMipLevelFactor:0.4]]
[2022.02.11-19.31.10:857][  0]LogConfig: Setting CVar [[r.AmbientOcclusionMaxQuality:100]]
[2022.02.11-19.31.10:857][  0]LogConfig: Setting CVar [[r.AmbientOcclusionLevels:-1]]
[2022.02.11-19.31.10:857][  0]LogConfig: Setting CVar [[r.AmbientOcclusionRadiusScale:1.0]]
[2022.02.11-19.31.10:857][  0]LogConfig: Setting CVar [[r.DepthOfFieldQuality:2]]
[2022.02.11-19.31.10:857][  0]LogConfig: Setting CVar [[r.RenderTargetPoolMin:400]]
[2022.02.11-19.31.10:857][  0]LogConfig: Setting CVar [[r.LensFlareQuality:2]]
[2022.02.11-19.31.10:857][  0]LogConfig: Setting CVar [[r.SceneColorFringeQuality:1]]
[2022.02.11-19.31.10:857][  0]LogConfig: Setting CVar [[r.EyeAdaptationQuality:2]]
[2022.02.11-19.31.10:857][  0]LogConfig: Setting CVar [[r.BloomQuality:5]]
[2022.02.11-19.31.10:857][  0]LogConfig: Setting CVar [[r.FastBlurThreshold:100]]
[2022.02.11-19.31.10:858][  0]LogConfig: Setting CVar [[r.Upscale.Quality:3]]
[2022.02.11-19.31.10:858][  0]LogConfig: Setting CVar [[r.Tonemapper.GrainQuantization:1]]
[2022.02.11-19.31.10:858][  0]LogConfig: Setting CVar [[r.LightShaftQuality:1]]
[2022.02.11-19.31.10:858][  0]LogConfig: Setting CVar [[r.Filter.SizeScale:1]]
[2022.02.11-19.31.10:858][  0]LogConfig: Setting CVar [[r.Tonemapper.Quality:5]]
[2022.02.11-19.31.10:858][  0]LogConfig: Setting CVar [[r.DOF.Gather.AccumulatorQuality:1        ; higher gathering accumulator quality]]
[2022.02.11-19.31.10:858][  0]LogConfig: Setting CVar [[r.DOF.Gather.PostfilterMethod:1          ; Median3x3 postfilering method]]
[2022.02.11-19.31.10:858][  0]LogConfig: Setting CVar [[r.DOF.Gather.EnableBokehSettings:0       ; no bokeh simulation when gathering]]
[2022.02.11-19.31.10:858][  0]LogConfig: Setting CVar [[r.DOF.Gather.RingCount:4                 ; medium number of samples when gathering]]
[2022.02.11-19.31.10:858][  0]LogConfig: Setting CVar [[r.DOF.Scatter.ForegroundCompositing:1    ; additive foreground scattering]]
[2022.02.11-19.31.10:858][  0]LogConfig: Setting CVar [[r.DOF.Scatter.BackgroundCompositing:2    ; additive background scattering]]
[2022.02.11-19.31.10:858][  0]LogConfig: Setting CVar [[r.DOF.Scatter.EnableBokehSettings:1      ; bokeh simulation when scattering]]
[2022.02.11-19.31.10:858][  0]LogConfig: Setting CVar [[r.DOF.Scatter.MaxSpriteRatio:0.1         ; only a maximum of 10% of scattered bokeh]]
[2022.02.11-19.31.10:858][  0]LogConfig: Setting CVar [[r.DOF.Recombine.Quality:1                ; cheap slight out of focus]]
[2022.02.11-19.31.10:858][  0]LogConfig: Setting CVar [[r.DOF.Recombine.EnableBokehSettings:0    ; no bokeh simulation on slight out of focus]]
[2022.02.11-19.31.10:858][  0]LogConfig: Setting CVar [[r.DOF.TemporalAAQuality:1                ; more stable temporal accumulation]]
[2022.02.11-19.31.10:858][  0]LogConfig: Setting CVar [[r.DOF.Kernel.MaxForegroundRadius:0.025]]
[2022.02.11-19.31.10:858][  0]LogConfig: Setting CVar [[r.DOF.Kernel.MaxBackgroundRadius:0.025]]
[2022.02.11-19.31.10:858][  0]LogConfig: Applying CVar settings from Section [TextureQuality@3] File [C:/Users/drlrd/OneDrive/Documents/Unreal Projects/InfiniteMatrixStarterProject/InfiniteMatrixStarter 4.27/Saved/Config/Windows/Scalability.ini]
[2022.02.11-19.31.10:858][  0]LogConfig: Setting CVar [[r.Streaming.MipBias:0]]
[2022.02.11-19.31.10:858][  0]LogConfig: Setting CVar [[r.Streaming.AmortizeCPUToGPUCopy:0]]
[2022.02.11-19.31.10:858][  0]LogConfig: Setting CVar [[r.Streaming.MaxNumTexturesToStreamPerFrame:0]]
[2022.02.11-19.31.10:858][  0]LogConfig: Setting CVar [[r.Streaming.Boost:1]]
[2022.02.11-19.31.10:858][  0]LogConfig: Setting CVar [[r.MaxAnisotropy:8]]
[2022.02.11-19.31.10:858][  0]LogConfig: Setting CVar [[r.VT.MaxAnisotropy:8]]
[2022.02.11-19.31.10:858][  0]LogConfig: Setting CVar [[r.Streaming.LimitPoolSizeToVRAM:0]]
[2022.02.11-19.31.10:858][  0]LogConfig: Setting CVar [[r.Streaming.PoolSize:1000]]
[2022.02.11-19.31.10:858][  0]LogConfig: Setting CVar [[r.Streaming.MaxEffectiveScreenSize:0]]
[2022.02.11-19.31.10:859][  0]LogConfig: Applying CVar settings from Section [EffectsQuality@3] File [C:/Users/drlrd/OneDrive/Documents/Unreal Projects/InfiniteMatrixStarterProject/InfiniteMatrixStarter 4.27/Saved/Config/Windows/Scalability.ini]
[2022.02.11-19.31.10:859][  0]LogConfig: Setting CVar [[r.TranslucencyLightingVolumeDim:64]]
[2022.02.11-19.31.10:859][  0]LogConfig: Setting CVar [[r.RefractionQuality:2]]
[2022.02.11-19.31.10:859][  0]LogConfig: Setting CVar [[r.SSR.Quality:3]]
[2022.02.11-19.31.10:859][  0]LogConfig: Setting CVar [[r.SSR.HalfResSceneColor:0]]
[2022.02.11-19.31.10:859][  0]LogConfig: Setting CVar [[r.SceneColorFormat:4]]
[2022.02.11-19.31.10:859][  0]LogConfig: Setting CVar [[r.DetailMode:2]]
[2022.02.11-19.31.10:859][  0]LogConfig: Setting CVar [[r.TranslucencyVolumeBlur:1]]
[2022.02.11-19.31.10:859][  0]LogConfig: Setting CVar [[r.MaterialQualityLevel:1 ; High quality]]
[2022.02.11-19.31.10:859][  0]LogConfig: Setting CVar [[r.AnisotropicMaterials:1]]
[2022.02.11-19.31.10:859][  0]LogConfig: Setting CVar [[r.SSS.Scale:1]]
[2022.02.11-19.31.10:859][  0]LogConfig: Setting CVar [[r.SSS.SampleSet:2]]
[2022.02.11-19.31.10:859][  0]LogConfig: Setting CVar [[r.SSS.Quality:1]]
[2022.02.11-19.31.10:859][  0]LogConfig: Setting CVar [[r.SSS.HalfRes:0]]
[2022.02.11-19.31.10:859][  0]LogConfig: Setting CVar [[r.SSGI.Quality:3]]
[2022.02.11-19.31.10:859][  0]LogConfig: Setting CVar [[r.EmitterSpawnRateScale:1.0]]
[2022.02.11-19.31.10:859][  0]LogConfig: Setting CVar [[r.ParticleLightQuality:2]]
[2022.02.11-19.31.10:859][  0]LogConfig: Setting CVar [[r.SkyAtmosphere.AerialPerspectiveLUT.FastApplyOnOpaque:1 ; Always have FastSkyLUT 1 in this case to avoid wrong sky]]
[2022.02.11-19.31.10:859][  0]LogConfig: Setting CVar [[r.SkyAtmosphere.AerialPerspectiveLUT.SampleCountMaxPerSlice:4]]
[2022.02.11-19.31.10:859][  0]LogConfig: Setting CVar [[r.SkyAtmosphere.AerialPerspectiveLUT.DepthResolution:16.0]]
[2022.02.11-19.31.10:859][  0]LogConfig: Setting CVar [[r.SkyAtmosphere.FastSkyLUT:1]]
[2022.02.11-19.31.10:859][  0]LogConfig: Setting CVar [[r.SkyAtmosphere.FastSkyLUT.SampleCountMin:4.0]]
[2022.02.11-19.31.10:859][  0]LogConfig: Setting CVar [[r.SkyAtmosphere.FastSkyLUT.SampleCountMax:128.0]]
[2022.02.11-19.31.10:859][  0]LogConfig: Setting CVar [[r.SkyAtmosphere.SampleCountMin:4.0]]
[2022.02.11-19.31.10:860][  0]LogConfig: Setting CVar [[r.SkyAtmosphere.SampleCountMax:128.0]]
[2022.02.11-19.31.10:860][  0]LogConfig: Setting CVar [[r.SkyAtmosphere.TransmittanceLUT.UseSmallFormat:0]]
[2022.02.11-19.31.10:860][  0]LogConfig: Setting CVar [[r.SkyAtmosphere.TransmittanceLUT.SampleCount:10.0]]
[2022.02.11-19.31.10:860][  0]LogConfig: Setting CVar [[r.SkyAtmosphere.MultiScatteringLUT.SampleCount:15.0]]
[2022.02.11-19.31.10:860][  0]LogConfig: Setting CVar [[r.SkyLight.RealTimeReflectionCapture:1]]
[2022.02.11-19.31.10:860][  0]LogConfig: Applying CVar settings from Section [FoliageQuality@3] File [C:/Users/drlrd/OneDrive/Documents/Unreal Projects/InfiniteMatrixStarterProject/InfiniteMatrixStarter 4.27/Saved/Config/Windows/Scalability.ini]
[2022.02.11-19.31.10:860][  0]LogConfig: Setting CVar [[foliage.DensityScale:1.0]]
[2022.02.11-19.31.10:860][  0]LogConfig: Setting CVar [[grass.DensityScale:1.0]]
[2022.02.11-19.31.10:860][  0]LogConfig: Applying CVar settings from Section [ShadingQuality@3] File [C:/Users/drlrd/OneDrive/Documents/Unreal Projects/InfiniteMatrixStarterProject/InfiniteMatrixStarter 4.27/Saved/Config/Windows/Scalability.ini]
[2022.02.11-19.31.10:860][  0]LogConfig: Setting CVar [[r.HairStrands.SkyLighting.IntegrationType:2]]
[2022.02.11-19.31.10:860][  0]LogConfig: Setting CVar [[r.HairStrands.SkyAO.SampleCount:4]]
[2022.02.11-19.31.10:860][  0]LogConfig: Setting CVar [[r.HairStrands.Visibility.MSAA.SamplePerPixel:4]]
[2022.02.11-19.31.10:860][  0]LogConfig: Applying CVar settings from Section [Startup] File [../../../Engine/Config/ConsoleVariables.ini]
[2022.02.11-19.31.10:860][  0]LogConfig: Setting CVar [[net.UseAdaptiveNetUpdateFrequency:0]]
[2022.02.11-19.31.10:860][  0]LogConfig: Setting CVar [[p.chaos.AllowCreatePhysxBodies:1]]
[2022.02.11-19.31.10:860][  0]LogConfig: Setting CVar [[fx.SkipVectorVMBackendOptimizations:1]]
[2022.02.11-19.31.10:860][  0]LogConfig: Applying CVar settings from Section [ConsoleVariables] File [C:/Users/drlrd/OneDrive/Documents/Unreal Projects/InfiniteMatrixStarterProject/InfiniteMatrixStarter 4.27/Saved/Config/Windows/Engine.ini]
[2022.02.11-19.31.10:860][  0]LogConfig: Applying CVar settings from Section [ConsoleVariables] File [C:/Users/drlrd/OneDrive/Documents/Unreal Projects/InfiniteMatrixStarterProject/InfiniteMatrixStarter 4.27/Saved/Config/Windows/Editor.ini]
[2022.02.11-19.31.10:861][  0]LogInit: Computer: DESKTOP-AJLNV2J
[2022.02.11-19.31.10:861][  0]LogInit: User: drlrd
[2022.02.11-19.31.10:861][  0]LogInit: CPU Page size=4096, Cores=6
[2022.02.11-19.31.10:861][  0]LogInit: High frequency timer resolution =10.000000 MHz
[2022.02.11-19.31.10:861][  0]LogMemory: Memory total: Physical=15.9GB (16GB approx)
[2022.02.11-19.31.10:861][  0]LogMemory: Platform Memory Stats for Windows
[2022.02.11-19.31.10:861][  0]LogMemory: Process Physical Memory: 147.77 MB used, 147.77 MB peak
[2022.02.11-19.31.10:861][  0]LogMemory: Process Virtual Memory: 131.65 MB used, 131.65 MB peak
[2022.02.11-19.31.10:861][  0]LogMemory: Physical Memory: 11266.07 MB used,  5026.46 MB free, 16292.53 MB total
[2022.02.11-19.31.10:861][  0]LogMemory: Virtual Memory: 134209664.00 MB used,  8063.30 MB free, 134217728.00 MB total
[2022.02.11-19.31.10:867][  0]LogWindows: WindowsPlatformFeatures enabled
[2022.02.11-19.31.10:912][  0]LogInit: Physics initialised using underlying interface: PhysX
[2022.02.11-19.31.10:913][  0]LogInit: Using OS detected language (en-US).
[2022.02.11-19.31.10:913][  0]LogInit: Using OS detected locale (en-US).
[2022.02.11-19.31.10:921][  0]LogTextLocalizationManager: No specific localization for 'en-US' exists, so the 'en' localization will be used.
[2022.02.11-19.31.11:163][  0]LogInit: Setting process to per monitor DPI aware
[2022.02.11-19.31.11:182][  0]LogWindowsTextInputMethodSystem: Display: IME system deactivated.
[2022.02.11-19.31.11:197][  0]LogSlate: New Slate User Created.  User Index 0, Is Virtual User: 0
[2022.02.11-19.31.11:197][  0]LogSlate: Slate User Registered.  User Index 0, Is Virtual User: 0
[2022.02.11-19.31.11:353][  0]LogD3D11RHI: Loaded GFSDK_Aftermath_Lib.x64.dll
[2022.02.11-19.31.11:425][  0]LogHMD: Failed to initialize OpenVR with code 108
[2022.02.11-19.31.11:425][  0]LogD3D11RHI: D3D11 min allowed feature level: 11_0
[2022.02.11-19.31.11:425][  0]LogD3D11RHI: D3D11 max allowed feature level: 11_0
[2022.02.11-19.31.11:426][  0]LogD3D11RHI: D3D11 adapters:
[2022.02.11-19.31.11:598][  0]LogD3D11RHI:    0. 'NVIDIA GeForce GTX 1060 6GB' (Feature Level 11_0)
[2022.02.11-19.31.11:599][  0]LogD3D11RHI:       6052/0/8146 MB DedicatedVideo/DedicatedSystem/SharedSystem, Outputs:1, VendorId:0x10de
[2022.02.11-19.31.11:601][  0]LogD3D11RHI:    1. 'Microsoft Basic Render Driver' (Feature Level 11_0)
[2022.02.11-19.31.11:602][  0]LogD3D11RHI:       0/0/8146 MB DedicatedVideo/DedicatedSystem/SharedSystem, Outputs:0, VendorId:0x1414
[2022.02.11-19.31.11:602][  0]LogD3D11RHI: Chosen D3D11 Adapter:
[2022.02.11-19.31.11:602][  0]LogD3D11RHI:     Description : NVIDIA GeForce GTX 1060 6GB
[2022.02.11-19.31.11:602][  0]LogD3D11RHI:     VendorId    : 10de
[2022.02.11-19.31.11:602][  0]LogD3D11RHI:     DeviceId    : 1c03
[2022.02.11-19.31.11:603][  0]LogD3D11RHI:     SubSysId    : 32811462
[2022.02.11-19.31.11:603][  0]LogD3D11RHI:     Revision    : 00a1
[2022.02.11-19.31.11:603][  0]LogD3D11RHI:     DedicatedVideoMemory : 6345981952 bytes
[2022.02.11-19.31.11:603][  0]LogD3D11RHI:     DedicatedSystemMemory : 0 bytes
[2022.02.11-19.31.11:603][  0]LogD3D11RHI:     SharedSystemMemory : 8541978624 bytes
[2022.02.11-19.31.11:603][  0]LogD3D11RHI:     AdapterLuid : 0 49602
[2022.02.11-19.31.11:613][  0]LogD3D11RHI: Creating new Direct3DDevice
[2022.02.11-19.31.11:613][  0]LogD3D11RHI:     GPU DeviceId: 0x1c03 (for the marketing name, search the web for "GPU Device Id")
[2022.02.11-19.31.11:613][  0]LogWindows: EnumDisplayDevices:
[2022.02.11-19.31.11:614][  0]LogWindows:    0. 'NVIDIA GeForce GTX 1060 6GB' (P:1 D:1)
[2022.02.11-19.31.11:614][  0]LogWindows:    1. 'NVIDIA GeForce GTX 1060 6GB' (P:0 D:0)
[2022.02.11-19.31.11:614][  0]LogWindows:    2. 'NVIDIA GeForce GTX 1060 6GB' (P:0 D:0)
[2022.02.11-19.31.11:615][  0]LogWindows:    3. 'NVIDIA GeForce GTX 1060 6GB' (P:0 D:0)
[2022.02.11-19.31.11:615][  0]LogWindows: DebugString: FoundDriverCount:4 
[2022.02.11-19.31.11:615][  0]LogD3D11RHI:     Adapter Name: NVIDIA GeForce GTX 1060 6GB
[2022.02.11-19.31.11:615][  0]LogD3D11RHI:   Driver Version: 496.76 (internal:30.0.14.9676, unified:496.76)
[2022.02.11-19.31.11:615][  0]LogD3D11RHI:      Driver Date: 11-9-2021
[2022.02.11-19.31.11:615][  0]LogRHI: Texture pool is 4236 MB (70% of 6052 MB)
[2022.02.11-19.31.11:615][  0]LogD3D11RHI: Creating D3DDevice using adapter:
[2022.02.11-19.31.11:615][  0]LogD3D11RHI:     Description : NVIDIA GeForce GTX 1060 6GB
[2022.02.11-19.31.11:615][  0]LogD3D11RHI:     VendorId    : 10de
[2022.02.11-19.31.11:615][  0]LogD3D11RHI:     DeviceId    : 1c03
[2022.02.11-19.31.11:615][  0]LogD3D11RHI:     SubSysId    : 32811462
[2022.02.11-19.31.11:615][  0]LogD3D11RHI:     Revision    : 00a1
[2022.02.11-19.31.11:615][  0]LogD3D11RHI:     DedicatedVideoMemory : 6345981952 bytes
[2022.02.11-19.31.11:615][  0]LogD3D11RHI:     DedicatedSystemMemory : 0 bytes
[2022.02.11-19.31.11:615][  0]LogD3D11RHI:     SharedSystemMemory : 8541978624 bytes
[2022.02.11-19.31.11:615][  0]LogD3D11RHI:     AdapterLuid : 0 49602
[2022.02.11-19.31.11:693][  0]LogD3D11RHI: RHI has support for 64 bit atomics
[2022.02.11-19.31.11:693][  0]LogD3D11RHI: Async texture creation enabled
[2022.02.11-19.31.11:694][  0]LogD3D11RHI: Array index from any shader is supported
[2022.02.11-19.31.11:723][  0]LogD3D11RHI: GPU Timing Frequency: 1000.000000 (Debug: 2 1)
[2022.02.11-19.31.11:743][  0]LogRHI: GeForceNow SDK initialized: 1
[2022.02.11-19.31.12:187][  0]LogTargetPlatformManager: Display: Loaded TargetPlatform 'AllDesktop'
[2022.02.11-19.31.12:220][  0]LogTargetPlatformManager: Display: Loaded TargetPlatform 'Android'
[2022.02.11-19.31.12:220][  0]LogTargetPlatformManager: Display: Loaded TargetPlatform 'Android_ASTC'
[2022.02.11-19.31.12:221][  0]LogTargetPlatformManager: Display: Loaded TargetPlatform 'Android_DXT'
[2022.02.11-19.31.12:222][  0]LogTargetPlatformManager: Display: Loaded TargetPlatform 'Android_ETC2'
[2022.02.11-19.31.12:222][  0]LogTargetPlatformManager: Display: Loaded TargetPlatform 'AndroidClient'
[2022.02.11-19.31.12:222][  0]LogTargetPlatformManager: Display: Loaded TargetPlatform 'Android_ASTCClient'
[2022.02.11-19.31.12:222][  0]LogTargetPlatformManager: Display: Loaded TargetPlatform 'Android_DXTClient'
[2022.02.11-19.31.12:223][  0]LogTargetPlatformManager: Display: Loaded TargetPlatform 'Android_ETC2Client'
[2022.02.11-19.31.12:223][  0]LogTargetPlatformManager: Display: Loaded TargetPlatform 'Android_Multi'
[2022.02.11-19.31.12:225][  0]LogTargetPlatformManager: Display: Loaded TargetPlatform 'Android_MultiClient'
[2022.02.11-19.31.12:249][  0]LogTargetPlatformManager: Display: Loaded TargetPlatform 'IOSClient'
[2022.02.11-19.31.12:250][  0]LogTargetPlatformManager: Display: Loaded TargetPlatform 'IOS'
[2022.02.11-19.31.12:263][  0]LogTargetPlatformManager: Display: Loaded TargetPlatform 'Linux'
[2022.02.11-19.31.12:270][  0]LogTargetPlatformManager: Display: Loaded TargetPlatform 'LinuxNoEditor'
[2022.02.11-19.31.12:276][  0]LogTargetPlatformManager: Display: Loaded TargetPlatform 'LinuxClient'
[2022.02.11-19.31.12:283][  0]LogTargetPlatformManager: Display: Loaded TargetPlatform 'LinuxServer'
[2022.02.11-19.31.12:297][  0]LogTargetPlatformManager: Display: Loaded TargetPlatform 'LinuxAArch64NoEditor'
[2022.02.11-19.31.12:303][  0]LogTargetPlatformManager: Display: Loaded TargetPlatform 'LinuxAArch64Client'
[2022.02.11-19.31.12:309][  0]LogTargetPlatformManager: Display: Loaded TargetPlatform 'LinuxAArch64Server'
[2022.02.11-19.31.12:343][  0]LogTargetPlatformManager: Display: Loaded TargetPlatform 'Lumin'
[2022.02.11-19.31.12:343][  0]LogTargetPlatformManager: Display: Loaded TargetPlatform 'LuminClient'
[2022.02.11-19.31.12:354][  0]LogTargetPlatformManager: Display: Loaded TargetPlatform 'MacNoEditor'
[2022.02.11-19.31.12:360][  0]LogTargetPlatformManager: Display: Loaded TargetPlatform 'Mac'
[2022.02.11-19.31.12:365][  0]LogTargetPlatformManager: Display: Loaded TargetPlatform 'MacClient'
[2022.02.11-19.31.12:371][  0]LogTargetPlatformManager: Display: Loaded TargetPlatform 'MacServer'
[2022.02.11-19.31.12:384][  0]LogTargetPlatformManager: Display: Loaded TargetPlatform 'TVOSClient'
[2022.02.11-19.31.12:384][  0]LogTargetPlatformManager: Display: Loaded TargetPlatform 'TVOS'
[2022.02.11-19.31.12:398][  0]LogTargetPlatformManager: Display: Loaded TargetPlatform 'WindowsNoEditor'
[2022.02.11-19.31.12:404][  0]LogTargetPlatformManager: Display: Loaded TargetPlatform 'Windows'
[2022.02.11-19.31.12:411][  0]LogTargetPlatformManager: Display: Loaded TargetPlatform 'WindowsClient'
[2022.02.11-19.31.12:417][  0]LogTargetPlatformManager: Display: Loaded TargetPlatform 'WindowsServer'
[2022.02.11-19.31.12:417][  0]LogTargetPlatformManager: Display: Building Assets For Windows
[2022.02.11-19.31.12:426][  0]LogAudioDebug: Display: Lib vorbis DLL was dynamically loaded.
[2022.02.11-19.31.12:467][  0]LogTextureFormatOodle: Display: Oodle Texture 2.9.0 init RDO Off
[2022.02.11-19.31.12:506][  0]LogRendererCore: Ray tracing is disabled. Reason: r.RayTracing=0.
[2022.02.11-19.31.12:506][  0]LogShaderCompilers: Guid format shader working directory is -74 characters bigger than the processId version (../../../../../../Users/drlrd/OneDrive/Documents/Unreal Projects/InfiniteMatrixStarterProject/InfiniteMatrixStarter 4.27/Intermediate/Shaders/WorkingDirectory/1164/).
[2022.02.11-19.31.12:507][  0]LogShaderCompilers: Cleaned the shader compiler working directory 'C:/Users/drlrd/AppData/Local/Temp/UnrealShaderWorkingDir/63D628EF41A965EA9CBFEBA555B96C54/'.
[2022.02.11-19.31.12:507][  0]LogXGEController: Cannot use XGE Controller as Incredibuild is not installed on this machine.
[2022.02.11-19.31.12:507][  0]LogShaderCompilers: Cannot use XGE Shader Compiler as Incredibuild is not installed on this machine.
[2022.02.11-19.31.12:507][  0]LogShaderCompilers: Display: Using Local Shader Compiler.
[2022.02.11-19.31.13:319][  0]LogDerivedDataCache: Display: Max Cache Size: 512 MB
[2022.02.11-19.31.13:384][  0]LogDerivedDataCache: Loaded boot cache 0.07s 94MB C:/Users/drlrd/AppData/Local/UnrealEngine/4.27/DerivedDataCache/Boot.ddc.
[2022.02.11-19.31.13:384][  0]LogDerivedDataCache: Display: Loaded Boot cache: C:/Users/drlrd/AppData/Local/UnrealEngine/4.27/DerivedDataCache/Boot.ddc
[2022.02.11-19.31.13:385][  0]LogDerivedDataCache: FDerivedDataBackendGraph:  Pak pak cache file ../../../../../../Users/drlrd/OneDrive/Documents/Unreal Projects/InfiniteMatrixStarterProject/InfiniteMatrixStarter 4.27/DerivedDataCache/DDC.ddp not found, will not use a pak cache.
[2022.02.11-19.31.13:385][  0]LogDerivedDataCache: Unable to find inner node Pak for hierarchical cache Hierarchy.
[2022.02.11-19.31.13:385][  0]LogDerivedDataCache: FDerivedDataBackendGraph:  CompressedPak pak cache file ../../../../../../Users/drlrd/OneDrive/Documents/Unreal Projects/InfiniteMatrixStarterProject/InfiniteMatrixStarter 4.27/DerivedDataCache/Compressed.ddp not found, will not use a pak cache.
[2022.02.11-19.31.13:385][  0]LogDerivedDataCache: Unable to find inner node CompressedPak for hierarchical cache Hierarchy.
[2022.02.11-19.31.13:404][  0]LogDerivedDataCache: Display: Pak cache opened for reading ../../../Engine/DerivedDataCache/Compressed.ddp.
[2022.02.11-19.31.13:404][  0]LogDerivedDataCache: FDerivedDataBackendGraph:  EnterprisePak pak cache file ../../../Enterprise/DerivedDataCache/Compressed.ddp not found, will not use a pak cache.
[2022.02.11-19.31.13:404][  0]LogDerivedDataCache: Unable to find inner node EnterprisePak for hierarchical cache Hierarchy.
[2022.02.11-19.31.13:413][  0]LogDerivedDataCache: Speed tests for C:/Users/drlrd/AppData/Local/UnrealEngine/Common/DerivedDataCache took 0.01 seconds
[2022.02.11-19.31.13:413][  0]LogDerivedDataCache: Display: Performance to C:/Users/drlrd/AppData/Local/UnrealEngine/Common/DerivedDataCache: Latency=0.04ms. RandomReadSpeed=1269.54MBs, RandomWriteSpeed=126.08MBs. Assigned SpeedClass 'Local'
[2022.02.11-19.31.13:414][  0]LogDerivedDataCache: Using Local data cache path C:/Users/drlrd/AppData/Local/UnrealEngine/Common/DerivedDataCache: Writable
[2022.02.11-19.31.13:414][  0]LogDerivedDataCache: Shared data cache path not found in *engine.ini, will not use an Shared cache.
[2022.02.11-19.31.13:414][  0]LogDerivedDataCache: Unable to find inner node Shared for hierarchical cache Hierarchy.
[2022.02.11-19.31.13:476][  0]LogSlate: Using FreeType 2.10.0
[2022.02.11-19.31.13:476][  0]LogSlate: SlateFontServices - WITH_FREETYPE: 1, WITH_HARFBUZZ: 1
[2022.02.11-19.31.13:501][  0]LogAssetRegistry: FAssetRegistry took 0.0032 seconds to start up
[2022.02.11-19.31.13:784][  0]LogInit: Selected Device Profile: [Windows]
[2022.02.11-19.31.13:784][  0]LogInit: Active device profile: [000001CAF10D3600][000001CAE86755C0 49] Windows
[2022.02.11-19.31.13:784][  0]LogInit: Profiles: [000001CAF10D3600][000001CAE86755C0 49] Windows, [000001CAF108CE00][000001CAE8679880 49] WindowsNoEditor, [000001CAF10D0E00][000001CAE867DB40 49] WindowsServer, [000001CAF108F400][000001CAF1FB8280 49] WindowsClient, [000001CAF10D3400][000001CAF0AD6540 49] IOS, [000001CAF108C100][000001CAE854C800 49] iPadAir, [000001CAF10D0500][000001CAF1FBCAC0 49] iPadAir2, [000001CAF104C900][000001CAF2561000 49] IPadPro, [000001CAF104CA00][000001CAE8285040 49] iPadAir3, [000001CAF10D3000][000001CAE86712C0 49] iPadAir4, [000001CAF104F700][000001CAF1E69540 49] iPadMini2, [000001CAF10D1100][000001CAF1FC1800 49] iPadMini3, [000001CAF104D800][000001CAF2565AC0 49] iPadMini4, [000001CAF10D2E00][000001CAF2568200 49] iPadMini5, [000001CAF108F000][000001CAE826A740 49] iPhone6, [000001CAF108EF00][000001CAF256C780 49] iPodTouch6, [000001CAF103FF00][000001CAE8272CC0 49] iPhone7, [000001CAF103FE00][000001CAE8262D00 49] iPodTouch7, [000001CAF108C300][000001CAE8266FC0 49] iPhone5S, [000001CAF103D100][000001CAE825F280 49] iPhone6Plus, [000001CAF108E500][000001CAF0BA5500 49] iPhone6S, [000001CAF103F000][000001CAE826F780 49] iPhone6SPlus, [000001CAF108C600][000001CAE827BA40 49] iPhone7Plus, [000001CAF103D400][000001CAE827E180 49] iPhoneSE, [000001CAF108E300][000001CAE8644440 49] iPhone8, [000001CAF103ED00][000001CAE8648700 49] iPhone8Plus, [000001CAF108CC00][000001CAE864C9C0 49] iPhoneX, [000001CAF103D800][000001CAE8650C80 49] iPhoneXS, [000001CAF108DF00][000001CAE8654F40 49] iPhoneXSMax, [000001CAF103E900][000001CAE8659200 49] iPhoneXR, [000001CAF108CD00][000001CAE865D4C0 49] iPhone11, [000001CAF103FC00][000001CAE8277740 49] iPhone11Pro, [000001CAF108F500][000001CAE86619C0 49] iPhone11ProMax, [000001CAF103E800][000001CAE8668100 49] iPhoneSE2, [000001CAF108D200][000001CAF0A443C0 49] iPhone12Mini, [000001CAF103F500][000001CAF0A48680 49] iPhone12, [000001CAF108F900][000001CAF0A4C940 49] iPhone12Pro, [000001CAF103E600][000001CAF0A50C00 49] iPhone12ProMax, [000001CAF108D400][000001CAF0A54EC0 49] iPadPro105, [000001CAF103DF00][000001CAF0A59180 49] iPadPro129, [000001CAF108F300][000001CAF0A5D440 49] iPadPro97, [000001CAF103E300][000001CAF0A61700 49] iPadPro2_129, [000001CAF108DE00][000001CAE8665980 49] iPad5, [000001CAF103E200][000001CAF0A680C0 49] iPad6, [000001CAF108E700][000001CAF1BD0380 49] iPad7, [000001CAF103F300][000001CAF1BD4640 49] iPad8, [000001CAF108D900][000001CAF1BD8900 49] iPadPro11, [000001CAF103EE00][000001CAF1BDCBC0 49] iPadPro2_11, [000001CAF108C400][000001CAF1BE0E80 49] iPadPro3_129, [000001CAF103D000][000001CAF1BE5140 49] iPadPro4_129, [000001CAF108E200][000001CAF1BE9400 49] AppleTV, [000001CAF103F800][000001CAF1BED6C0 49] AppleTV4K, [000001CAF108FB00][000001CAF0A65940 49] TVOS, [000001CAF103C300][000001CAF1BF1BC0 49] Mac, [000001CAF108CF00][000001CAF1BF8300 49] MacClient, [000001CAF103DA00][000001CAF1BFC5C0 49] MacNoEditor, [000001CAF108F800][000001CAF1C00880 49] MacServer, [000001CAF103FD00][000001CAF1C04B40 49] Linux, [000001CAF108F600][000001CAF1C08E00 49] LinuxAArch64, [000001CAF103DB00][000001CAF1C0D0C0 49] LinuxNoEditor, [000001CAF108DC00][000001CAF1C11380 49] LinuxAArch64NoEditor, [000001CAF103C600][000001CAF1C15640 49] LinuxClient, [000001CAF108D800][000001CAF1C19900 49] LinuxAArch64Client, [000001CAF103CA00][000001CAF1BF5B80 49] LinuxServer, [000001CAF108D600][000001CAF1C1C280 49] LinuxAArch64Server, [000001CAF103EB00][000001CAF1C24540 49] Android, [000001CAF104F100][000001CAF1C28800 49] Android_Low, [000001CAF1120800][000001CAF1C2CAC0 49] Android_Mid, [000001CAF104E000][000001CAF1C30D80 49] Android_High, [000001CAF1121500][000001CAF1C35040 49] Android_Default, [000001CAF104D600][000001CAF1C39300 49] Android_Adreno4xx, [000001CAF1121000][000001CAF1C3D5C0 49] Android_Adreno5xx_Low, [000001CAF104C800][000001CAF1C41880 49] Android_Adreno5xx, [000001CAF1121200][000001CAF1C45B40 49] Android_Adreno6xx, [000001CAF104E600][000001CAF1C20240 49] Android_Adreno6xx_Vulkan, [000001CAF1121700][000001CAF1C484C0 49] Android_Mali_T6xx, [000001CAF104FB00][000001CAF1C50780 49] Android_Mali_T7xx, [000001CAF1120500][000001CAF1C54A40 49] Android_Mali_T8xx, [000001CAF104CD00][000001CAF1C58D00 49] Android_Mali_G71, [000001CAF1121A00][000001CAF1C5CFC0 49] Android_Mali_G72, [000001CAF104DD00][000001CAF1C61280 49] Android_Mali_G72_Vulkan, [000001CAF1120F00][000001CAF1C65540 49] Android_Mali_G76, [000001CAF104FF00][000001CAF1C69800 49] Android_Mali_G76_Vulkan, [000001CAF1120C00][000001CAF1C6DAC0 49] Android_Mali_G77, [000001CAF104C200][000001CAF1C70200 49] Android_Mali_G77_Vulkan, [000001CAF1121600][000001CAF1C4C480 49] Android_Mali_G78, [000001CAF104D300][000001CAF1C74700 49] Android_Mali_G78_Vulkan, [000001CAF1121C00][000001CAF1C7C9C0 49] Android_Mali_G710, [000001CAF104D200][000001CAF1C80C80 49] Android_Mali_G710_Vulkan, [000001CAF103E700][000001CAF1C84F40 49] Android_Vulkan_SM5, [000001CAF104CB00][000001CAF1C89200 49] Android_PowerVR_G6xxx, [000001CAF103C100][000001CAF1C8D4C0 49] Android_PowerVR_GT7xxx, [000001CAF104C400][000001CAF1C91780 49] Android_PowerVR_GE8xxx, [000001CAF103D500][000001CAF1C95A40 49] Android_PowerVR_GM9xxx, [000001CAF104F000][000001CAF1C98180 49] Android_PowerVR_GM9xxx_Vulkan, [000001CAF103F400][000001CAF2170440 49] Android_TegraK1, [000001CAF104EE00][000001CAF1C786C0 49] Android_Unknown_Vulkan, [000001CAF103EF00][000001CAF2174940 49] Lumin, [000001CAF104CF00][000001CAF217CC00 49] Lumin_Desktop, [000001CAF103D300][000001CAF2180EC0 49] HoloLens, 
[2022.02.11-19.31.13:928][  0]LogMeshReduction: Using QuadricMeshReduction for automatic static mesh reduction
[2022.02.11-19.31.13:928][  0]LogMeshReduction: Using SimplygonMeshReduction for automatic skeletal mesh reduction
[2022.02.11-19.31.13:928][  0]LogMeshReduction: Using ProxyLODMeshReduction for automatic mesh merging
[2022.02.11-19.31.13:928][  0]LogMeshReduction: No distributed automatic mesh merging module available
[2022.02.11-19.31.13:928][  0]LogMeshMerging: No distributed automatic mesh merging module available
[2022.02.11-19.31.13:944][  0]LogNetVersion: InfiniteMatrix 1.0.0, NetCL: 17155196, EngineNetVer: 17, GameNetVer: 0 (Checksum: 1551001080)
[2022.02.11-19.31.14:362][  0]LogTexture: Default maximum texture size for cubemaps generated from long-lat sources has been changed from 512 to unlimited. In order to preserve old behaiour for '/Engine/MapTemplates/Sky/DaylightAmbientCubemap.DaylightAmbientCubemap', its maximum texture size has been explicitly set to 512.
[2022.02.11-19.31.14:424][  0]LogHMD: PokeAHoleMaterial loaded successfully
[2022.02.11-19.31.14:432][  0]LogUObjectArray: 17178 objects as part of root set at end of initial load.
[2022.02.11-19.31.14:432][  0]LogUObjectAllocator: 4302048 out of 0 bytes used by permanent object pool.
[2022.02.11-19.31.14:432][  0]LogUObjectArray: CloseDisregardForGC: 0/0 objects in disregard for GC pool
[2022.02.11-19.31.14:826][  0]LogNiagaraDebuggerClient: Niagara Debugger Client Initialized | Session: 8836D39F4EDD64DFB5A8A7BA77B50E38 | Instance: 2E1A37FB4EAC63E3213B69B0E0B5E3EC (DESKTOP-AJLNV2J-1164).
[2022.02.11-19.31.14:867][  0]LogPython: Using Python 3.7.7
[2022.02.11-19.31.15:511][  0]LogTcpMessaging: Initializing TcpMessaging bridge
[2022.02.11-19.31.15:521][  0]LogUdpMessaging: Initializing bridge on interface 0.0.0.0:0 to multicast group 230.0.0.1:6666.
[2022.02.11-19.31.15:701][  0]SourceControl: Source control is disabled
[2022.02.11-19.31.15:702][  0]SourceControl: Source control is disabled
[2022.02.11-19.31.15:726][  0]SourceControl: Source control is disabled
[2022.02.11-19.31.15:730][  0]SourceControl: Source control is disabled
[2022.02.11-19.31.15:737][  0]SourceControl: Source control is disabled
[2022.02.11-19.31.15:745][  0]LogUProjectInfo: Found projects:
[2022.02.11-19.31.15:806][  0]LogVSAccessor: Display: Unable to create Visual Studio setup instance: 80040154
[2022.02.11-19.31.15:807][  0]LogVSAccessor: Display: Unable to create Visual Studio setup instance: 80040154
[2022.02.11-19.31.15:809][  0]LogVSAccessor: Display: Unable to create Visual Studio setup instance: 80040154
[2022.02.11-19.31.15:981][  0]LogOpenImageDenoise: OIDN starting up
[2022.02.11-19.31.16:040][  0]LogAudioCaptureCore: Display: No Audio Capture implementations found. Audio input will be silent.
[2022.02.11-19.31.16:040][  0]LogAudioCaptureCore: Display: No Audio Capture implementations found. Audio input will be silent.
[2022.02.11-19.31.16:182][  0]LogAndroidPermission: UAndroidPermissionCallbackProxy::GetInstance
[2022.02.11-19.31.16:205][  0]LogCollectionManager: Loaded 0 collections in 0.002024 seconds
[2022.02.11-19.31.16:235][  0]LogFileCache: Scanning file cache for directory 'C:/Users/drlrd/OneDrive/Documents/Unreal Projects/InfiniteMatrixStarterProject/InfiniteMatrixStarter 4.27/Saved/Collections/' took 0.00s
[2022.02.11-19.31.16:235][  0]LogFileCache: Scanning file cache for directory 'C:/Users/drlrd/OneDrive/Documents/Unreal Projects/InfiniteMatrixStarterProject/InfiniteMatrixStarter 4.27/Content/Developers/drlrd/Collections/' took 0.00s
[2022.02.11-19.31.16:236][  0]LogFileCache: Scanning file cache for directory 'C:/Users/drlrd/OneDrive/Documents/Unreal Projects/InfiniteMatrixStarterProject/InfiniteMatrixStarter 4.27/Content/Collections/' took 0.00s
[2022.02.11-19.31.16:236][  0]LogOcInput: OculusInput pre-init called
[2022.02.11-19.31.16:477][  0]LogEngine: Initializing Engine...
[2022.02.11-19.31.16:569][  0]LogHMD: Failed to initialize OpenVR with code 108
[2022.02.11-19.31.16:588][  0]LogHMD: Optional extension XR_VARJO_quad_views is not available
[2022.02.11-19.31.16:588][  0]LogHMD: Warning: Required extension XR_EXT_eye_gaze_interaction is not available
[2022.02.11-19.31.16:588][  0]LogHMD: Could not enable all required OpenXR extensions for OpenXREyeTracker on current system. This plugin will be loaded but ignored, but will be enabled on a target platform that supports the required extension.
[2022.02.11-19.31.16:641][  0]LogHMD: Failed to create an OpenXR instance, result is XR_ERROR_RUNTIME_FAILURE. Please check if you have an OpenXR runtime installed. The following extensions were enabled:
[2022.02.11-19.31.16:641][  0]LogHMD: - XR_KHR_D3D11_enable
[2022.02.11-19.31.16:641][  0]LogHMD: - XR_KHR_D3D12_enable
[2022.02.11-19.31.16:641][  0]LogHMD: - XR_KHR_opengl_enable
[2022.02.11-19.31.16:641][  0]LogHMD: - XR_KHR_vulkan_enable
[2022.02.11-19.31.16:641][  0]LogHMD: - XR_KHR_composition_layer_depth
[2022.02.11-19.31.16:641][  0]LogHMD: - XR_KHR_visibility_mask
[2022.02.11-19.31.16:641][  0]LogHMD: - XR_EXT_hand_tracking
[2022.02.11-19.31.16:641][  0]LogMagicLeap: Warning: VR disabled because ZI is not enabled.  To enable, in the editor, Edit -> Project Settings -> Plugins -> Magic Leap Plugin -> Enable Zero Iteration
[2022.02.11-19.31.16:643][  0]LogStats: UGameplayTagsManager::InitializeManager -  0.000 s
[2022.02.11-19.31.16:778][  0]LogInit: Initializing FReadOnlyCVARCache
[2022.02.11-19.31.16:788][  0]LogAIModule: Creating AISystem for world Untitled
[2022.02.11-19.31.16:802][  0]LogAudio: Display: Initializing Audio Device Manager...
[2022.02.11-19.31.16:807][  0]LogAudio: Display: Loading Default Audio Settings Objects...
[2022.02.11-19.31.16:808][  0]LogAudio: Display: No default SoundConcurrencyObject specified (or failed to load).
[2022.02.11-19.31.16:808][  0]LogAudio: Display: Audio Device Manager Initialized
[2022.02.11-19.31.16:809][  0]LogAudio: Display: Creating Audio Device:                 Id: 1, Scope: Shared, Realtime: True
[2022.02.11-19.31.16:810][  0]LogAudioMixer: Display: Audio Mixer Platform Settings:
[2022.02.11-19.31.16:810][  0]LogAudioMixer: Display: 	Sample Rate:						  48000
[2022.02.11-19.31.16:810][  0]LogAudioMixer: Display: 	Callback Buffer Frame Size Requested: 1024
[2022.02.11-19.31.16:810][  0]LogAudioMixer: Display: 	Callback Buffer Frame Size To Use:	  1024
[2022.02.11-19.31.16:811][  0]LogAudioMixer: Display: 	Number of buffers to queue:			  2
[2022.02.11-19.31.16:812][  0]LogAudioMixer: Display: 	Max Channels (voices):				  32
[2022.02.11-19.31.16:812][  0]LogAudioMixer: Display: 	Number of Async Source Workers:		  0
[2022.02.11-19.31.16:813][  0]LogAudio: Display: AudioDevice MaxSources: 32
[2022.02.11-19.31.16:813][  0]LogAudio: Display: Audio Spatialization Plugin: None (built-in).
[2022.02.11-19.31.16:813][  0]LogAudio: Display: Audio Reverb Plugin: None (built-in).
[2022.02.11-19.31.16:814][  0]LogAudio: Display: Audio Occlusion Plugin: None (built-in).
[2022.02.11-19.31.16:814][  0]LogAudioMixer: Display: Initializing audio mixer.
[2022.02.11-19.31.16:832][  0]LogAudioMixer: Display: 0: FrontLeft
[2022.02.11-19.31.16:832][  0]LogAudioMixer: Display: 1: FrontRight
[2022.02.11-19.31.16:869][  0]LogAudioMixer: Display: Using Audio Device Speakers (High Definition Audio Device)
[2022.02.11-19.31.16:873][  0]LogAudioMixer: Display: Initializing Sound Submixes...
[2022.02.11-19.31.16:875][  0]LogAudioMixer: Display: Creating Master Submix 'MasterSubmixDefault'
[2022.02.11-19.31.16:875][  0]LogAudioMixer: Display: Creating Master Submix 'MasterReverbSubmixDefault'
[2022.02.11-19.31.16:877][  0]LogAudioMixer: Display: Creating Master Submix 'MasterEQSubmixDefault'
[2022.02.11-19.31.16:877][  0]LogAudioMixer: FMixerPlatformXAudio2::StartAudioStream() called
[2022.02.11-19.31.16:877][  0]LogAudioMixer: Display: Output buffers initialized: Frames=1024, Channels=2, Samples=2048
[2022.02.11-19.31.16:878][  0]LogAudioMixer: Display: Starting AudioMixerPlatformInterface::RunInternal()
[2022.02.11-19.31.16:878][  0]LogAudioMixer: Display: FMixerPlatformXAudio2::SubmitBuffer() called for the first time
[2022.02.11-19.31.16:878][  0]LogInit: FAudioDevice initialized.
[2022.02.11-19.31.16:879][  0]LogAudio: Display: Audio Device (ID: 1) registered with world 'Untitled'.
[2022.02.11-19.31.16:879][  0]LogNetVersion: Set ProjectVersion to 1.0.0.0. Version Checksum will be recalculated on next use.
[2022.02.11-19.31.16:946][  0]LogDerivedDataCache: Saved boot cache 0.07s 94MB C:/Users/drlrd/AppData/Local/UnrealEngine/4.27/DerivedDataCache/Boot.ddc.
[2022.02.11-19.31.16:947][  0]LogInit: Texture streaming: Enabled
[2022.02.11-19.31.16:963][  0]LogAnalytics: Display: [UEEditor.Rocket.Release] APIServer = https://datarouter.ol.epicgames.com/. AppVersion = 4.27.2-18319896+++UE4+Release-4.27
[2022.02.11-19.31.16:967][  0]LogEngineSessionManager: EngineSessionManager initialized
[2022.02.11-19.31.16:967][  0]LogEditorSessionSummary: Verbose: Initializing EditorSessionSummaryWriter for editor session tracking
[2022.02.11-19.31.16:969][  0]LogEditorSessionSummary: EditorSessionSummaryWriter initialized
[2022.02.11-19.31.17:008][  0]LogInit: Transaction tracking system initialized
[2022.02.11-19.31.17:033][  0]BlueprintLog: New page: Editor Load
[2022.02.11-19.31.17:102][  0]LocalizationService: Localization service is disabled
[2022.02.11-19.31.17:129][  0]TimingProfiler: Initialize
[2022.02.11-19.31.17:130][  0]TimingProfiler: OnSessionChanged
[2022.02.11-19.31.17:130][  0]LoadingProfiler: Initialize
[2022.02.11-19.31.17:131][  0]LoadingProfiler: OnSessionChanged
[2022.02.11-19.31.17:131][  0]NetworkingProfiler: Initialize
[2022.02.11-19.31.17:131][  0]NetworkingProfiler: OnSessionChanged
[2022.02.11-19.31.17:131][  0]MemoryProfiler: Initialize
[2022.02.11-19.31.17:131][  0]MemoryProfiler: OnSessionChanged
[2022.02.11-19.31.17:199][  0]LogVSAccessor: Display: Unable to create Visual Studio setup instance: 80040154
[2022.02.11-19.31.17:199][  0]LogVSAccessor: Display: Unable to create Visual Studio setup instance: 80040154
[2022.02.11-19.31.17:200][  0]LogVSAccessor: Display: Unable to create Visual Studio setup instance: 80040154
[2022.02.11-19.31.17:298][  0]LogCook: Display: CookSettings for Memory: MemoryMaxUsedVirtual 0MiB, MemoryMaxUsedPhysical 16384MiB, MemoryMinFreeVirtual 0MiB, MemoryMinFreePhysical 1024MiB
[2022.02.11-19.31.17:299][  0]LogCook: Display: Mobile HDR setting 1
[2022.02.11-19.31.17:524][  0]LogFileCache: Scanning file cache for directory 'C:/Users/drlrd/OneDrive/Documents/Unreal Projects/InfiniteMatrixStarterProject/InfiniteMatrixStarter 4.27/Content/' took 0.00s
[2022.02.11-19.31.17:702][  0]LogInit: Display: Engine is initialized. Leaving FEngineLoop::Init()
[2022.02.11-19.31.17:706][  0]SourceControl: Source control is disabled
[2022.02.11-19.31.17:706][  0]LogUnrealEdMisc: Loading editor; pre map load, took 9.077
[2022.02.11-19.31.17:708][  0]LightingResults: New page: Lighting Build
[2022.02.11-19.31.17:710][  0]LogWorld: UWorld::CleanupWorld for Untitled, bSessionEnded=true, bCleanupResources=true
[2022.02.11-19.31.17:712][  0]LogSlate: InvalidateAllWidgets triggered.  All widgets were invalidated
[2022.02.11-19.31.17:712][  0]MapCheck: New page: Map Check
[2022.02.11-19.31.17:712][  0]LightingResults: New page: Lighting Build
[2022.02.11-19.31.17:716][  0]LogAudio: Display: Audio Device unregistered from world 'None'.
[2022.02.11-19.31.17:719][  0]LogUObjectHash: Compacting FUObjectHashTables data took   1.13ms
[2022.02.11-19.31.17:901][  0]LogAudio: Display: Audio Device (ID: 1) registered with world 'TutorialMap'.
[2022.02.11-19.31.17:904][  0]LogAIModule: Creating AISystem for world TutorialMap
[2022.02.11-19.31.17:907][  0]LogEditorServer: Finished looking for orphan Actors (0.000 secs)
[2022.02.11-19.31.17:915][  0]LogUObjectHash: Compacting FUObjectHashTables data took   1.15ms
[2022.02.11-19.31.17:915][  0]Cmd: MAP CHECKDEP NOCLEARLOG
[2022.02.11-19.31.17:915][  0]MapCheck: Map check complete: 0 Error(s), 0 Warning(s), took 0.182ms to complete.
[2022.02.11-19.31.17:916][  0]LogFileHelpers: Loading map 'TutorialMap' took 0.207
[2022.02.11-19.31.17:918][  0]LogUnrealEdMisc: Total Editor Startup Time, took 9.288
[2022.02.11-19.31.18:040][  0]LogSlate: Updating window title bar state: overlay mode, drag disabled, window buttons hidden, title bar hidden
[2022.02.11-19.31.18:047][  0]LogSlate: Updating window title bar state: overlay mode, drag disabled, window buttons hidden, title bar hidden
[2022.02.11-19.31.18:055][  0]LogSlate: Updating window title bar state: overlay mode, drag disabled, window buttons hidden, title bar hidden
[2022.02.11-19.31.18:062][  0]LogSlate: Updating window title bar state: overlay mode, drag disabled, window buttons hidden, title bar hidden
[2022.02.11-19.31.18:080][  0]LogNativeClassHierarchy: Verbose: Native class hierarchy populated in 0.0132 seconds. Added 3822 classes and 928 folders.
[2022.02.11-19.31.18:083][  0]LogNativeClassHierarchy: Verbose: Native class hierarchy updated for 'WidgetCarousel' in 0.0003 seconds. Added 0 classes and 0 folders.
[2022.02.11-19.31.18:084][  0]LogPakFile: PakFile PrimaryIndexSize=187
[2022.02.11-19.31.18:084][  0]LogPakFile: PakFile PathHashIndexSize=101
[2022.02.11-19.31.18:084][  0]LogPakFile: PakFile FullDirectoryIndexSize=148
[2022.02.11-19.31.18:084][  0]LogShaderLibrary: Display: ShaderCodeLibraryPakFileMountedCallback: PakFile 'C:/Program Files/Epic Games/UE_4.27/FeaturePacks/FP_FirstPerson.upack' (chunk index -1, root 'root:/') mounted
[2022.02.11-19.31.18:085][  0]LogShaderLibrary: Display: ShaderCodeLibraryPakFileMountedCallback: pending pak file info (ChunkID:-1 Root:root:/ File:C:/Program Files/Epic Games/UE_4.27/FeaturePacks/FP_FirstPerson.upack)
[2022.02.11-19.31.18:085][  0]LogPakFile: OnPakFileMounted2Time == 0.000261
[2022.02.11-19.31.18:085][  0]LogPakFile: PakFile PrimaryIndexSize=189
[2022.02.11-19.31.18:086][  0]LogPakFile: PakFile PathHashIndexSize=101
[2022.02.11-19.31.18:086][  0]LogPakFile: PakFile FullDirectoryIndexSize=152
[2022.02.11-19.31.18:086][  0]LogShaderLibrary: Display: ShaderCodeLibraryPakFileMountedCallback: PakFile 'C:/Program Files/Epic Games/UE_4.27/FeaturePacks/FP_FirstPersonBP.upack' (chunk index -1, root 'root:/') mounted
[2022.02.11-19.31.18:086][  0]LogShaderLibrary: Display: ShaderCodeLibraryPakFileMountedCallback: pending pak file info (ChunkID:-1 Root:root:/ File:C:/Program Files/Epic Games/UE_4.27/FeaturePacks/FP_FirstPersonBP.upack)
[2022.02.11-19.31.18:086][  0]LogPakFile: OnPakFileMounted2Time == 0.000154
[2022.02.11-19.31.18:087][  0]LogPakFile: PakFile PrimaryIndexSize=191
[2022.02.11-19.31.18:087][  0]LogPakFile: PakFile PathHashIndexSize=101
[2022.02.11-19.31.18:087][  0]LogPakFile: PakFile FullDirectoryIndexSize=160
[2022.02.11-19.31.18:087][  0]LogShaderLibrary: Display: ShaderCodeLibraryPakFileMountedCallback: PakFile 'C:/Program Files/Epic Games/UE_4.27/FeaturePacks/MobileStarterContent.upack' (chunk index -1, root 'root:/') mounted
[2022.02.11-19.31.18:087][  0]LogShaderLibrary: Display: ShaderCodeLibraryPakFileMountedCallback: pending pak file info (ChunkID:-1 Root:root:/ File:C:/Program Files/Epic Games/UE_4.27/FeaturePacks/MobileStarterContent.upack)
[2022.02.11-19.31.18:087][  0]LogPakFile: OnPakFileMounted2Time == 0.000090
[2022.02.11-19.31.18:088][  0]LogPakFile: PakFile PrimaryIndexSize=185
[2022.02.11-19.31.18:088][  0]LogPakFile: PakFile PathHashIndexSize=101
[2022.02.11-19.31.18:088][  0]LogPakFile: PakFile FullDirectoryIndexSize=148
[2022.02.11-19.31.18:088][  0]LogShaderLibrary: Display: ShaderCodeLibraryPakFileMountedCallback: PakFile 'C:/Program Files/Epic Games/UE_4.27/FeaturePacks/StarterContent.upack' (chunk index -1, root 'root:/') mounted
[2022.02.11-19.31.18:088][  0]LogShaderLibrary: Display: ShaderCodeLibraryPakFileMountedCallback: pending pak file info (ChunkID:-1 Root:root:/ File:C:/Program Files/Epic Games/UE_4.27/FeaturePacks/StarterContent.upack)
[2022.02.11-19.31.18:088][  0]LogPakFile: OnPakFileMounted2Time == 0.000096
[2022.02.11-19.31.18:088][  0]LogPakFile: PakFile PrimaryIndexSize=190
[2022.02.11-19.31.18:088][  0]LogPakFile: PakFile PathHashIndexSize=101
[2022.02.11-19.31.18:089][  0]LogPakFile: PakFile FullDirectoryIndexSize=154
[2022.02.11-19.31.18:089][  0]LogShaderLibrary: Display: ShaderCodeLibraryPakFileMountedCallback: PakFile 'C:/Program Files/Epic Games/UE_4.27/FeaturePacks/TP_2DSideScroller.upack' (chunk index -1, root 'root:/') mounted
[2022.02.11-19.31.18:089][  0]LogShaderLibrary: Display: ShaderCodeLibraryPakFileMountedCallback: pending pak file info (ChunkID:-1 Root:root:/ File:C:/Program Files/Epic Games/UE_4.27/FeaturePacks/TP_2DSideScroller.upack)
[2022.02.11-19.31.18:089][  0]LogPakFile: OnPakFileMounted2Time == 0.000084
[2022.02.11-19.31.18:089][  0]LogPakFile: PakFile PrimaryIndexSize=192
[2022.02.11-19.31.18:089][  0]LogPakFile: PakFile PathHashIndexSize=101
[2022.02.11-19.31.18:089][  0]LogPakFile: PakFile FullDirectoryIndexSize=158
[2022.02.11-19.31.18:089][  0]LogShaderLibrary: Display: ShaderCodeLibraryPakFileMountedCallback: PakFile 'C:/Program Files/Epic Games/UE_4.27/FeaturePacks/TP_2DSideScrollerBP.upack' (chunk index -1, root 'root:/') mounted
[2022.02.11-19.31.18:089][  0]LogShaderLibrary: Display: ShaderCodeLibraryPakFileMountedCallback: pending pak file info (ChunkID:-1 Root:root:/ File:C:/Program Files/Epic Games/UE_4.27/FeaturePacks/TP_2DSideScrollerBP.upack)
[2022.02.11-19.31.18:089][  0]LogPakFile: OnPakFileMounted2Time == 0.000077
[2022.02.11-19.31.18:090][  0]LogPakFile: PakFile PrimaryIndexSize=182
[2022.02.11-19.31.18:090][  0]LogPakFile: PakFile PathHashIndexSize=101
[2022.02.11-19.31.18:090][  0]LogPakFile: PakFile FullDirectoryIndexSize=138
[2022.02.11-19.31.18:090][  0]LogShaderLibrary: Display: ShaderCodeLibraryPakFileMountedCallback: PakFile 'C:/Program Files/Epic Games/UE_4.27/FeaturePacks/TP_Flying.upack' (chunk index -1, root 'root:/') mounted
[2022.02.11-19.31.18:090][  0]LogShaderLibrary: Display: ShaderCodeLibraryPakFileMountedCallback: pending pak file info (ChunkID:-1 Root:root:/ File:C:/Program Files/Epic Games/UE_4.27/FeaturePacks/TP_Flying.upack)
[2022.02.11-19.31.18:090][  0]LogPakFile: OnPakFileMounted2Time == 0.000076
[2022.02.11-19.31.18:091][  0]LogPakFile: PakFile PrimaryIndexSize=184
[2022.02.11-19.31.18:091][  0]LogPakFile: PakFile PathHashIndexSize=101
[2022.02.11-19.31.18:091][  0]LogPakFile: PakFile FullDirectoryIndexSize=142
[2022.02.11-19.31.18:091][  0]LogShaderLibrary: Display: ShaderCodeLibraryPakFileMountedCallback: PakFile 'C:/Program Files/Epic Games/UE_4.27/FeaturePacks/TP_FlyingBP.upack' (chunk index -1, root 'root:/') mounted
[2022.02.11-19.31.18:091][  0]LogShaderLibrary: Display: ShaderCodeLibraryPakFileMountedCallback: pending pak file info (ChunkID:-1 Root:root:/ File:C:/Program Files/Epic Games/UE_4.27/FeaturePacks/TP_FlyingBP.upack)
[2022.02.11-19.31.18:091][  0]LogPakFile: OnPakFileMounted2Time == 0.000104
[2022.02.11-19.31.18:092][  0]LogPakFile: PakFile PrimaryIndexSize=188
[2022.02.11-19.31.18:092][  0]LogPakFile: PakFile PathHashIndexSize=101
[2022.02.11-19.31.18:092][  0]LogPakFile: PakFile FullDirectoryIndexSize=150
[2022.02.11-19.31.18:092][  0]LogShaderLibrary: Display: ShaderCodeLibraryPakFileMountedCallback: PakFile 'C:/Program Files/Epic Games/UE_4.27/FeaturePacks/TP_HandheldARBP.upack' (chunk index -1, root 'root:/') mounted
[2022.02.11-19.31.18:092][  0]LogShaderLibrary: Display: ShaderCodeLibraryPakFileMountedCallback: pending pak file info (ChunkID:-1 Root:root:/ File:C:/Program Files/Epic Games/UE_4.27/FeaturePacks/TP_HandheldARBP.upack)
[2022.02.11-19.31.18:092][  0]LogPakFile: OnPakFileMounted2Time == 0.000118
[2022.02.11-19.31.18:093][  0]LogPakFile: PakFile PrimaryIndexSize=182
[2022.02.11-19.31.18:093][  0]LogPakFile: PakFile PathHashIndexSize=101
[2022.02.11-19.31.18:093][  0]LogPakFile: PakFile FullDirectoryIndexSize=138
[2022.02.11-19.31.18:093][  0]LogShaderLibrary: Display: ShaderCodeLibraryPakFileMountedCallback: PakFile 'C:/Program Files/Epic Games/UE_4.27/FeaturePacks/TP_Puzzle.upack' (chunk index -1, root 'root:/') mounted
[2022.02.11-19.31.18:093][  0]LogShaderLibrary: Display: ShaderCodeLibraryPakFileMountedCallback: pending pak file info (ChunkID:-1 Root:root:/ File:C:/Program Files/Epic Games/UE_4.27/FeaturePacks/TP_Puzzle.upack)
[2022.02.11-19.31.18:093][  0]LogPakFile: OnPakFileMounted2Time == 0.000082
[2022.02.11-19.31.18:094][  0]LogPakFile: PakFile PrimaryIndexSize=184
[2022.02.11-19.31.18:094][  0]LogPakFile: PakFile PathHashIndexSize=101
[2022.02.11-19.31.18:094][  0]LogPakFile: PakFile FullDirectoryIndexSize=142
[2022.02.11-19.31.18:094][  0]LogShaderLibrary: Display: ShaderCodeLibraryPakFileMountedCallback: PakFile 'C:/Program Files/Epic Games/UE_4.27/FeaturePacks/TP_PuzzleBP.upack' (chunk index -1, root 'root:/') mounted
[2022.02.11-19.31.18:094][  0]LogShaderLibrary: Display: ShaderCodeLibraryPakFileMountedCallback: pending pak file info (ChunkID:-1 Root:root:/ File:C:/Program Files/Epic Games/UE_4.27/FeaturePacks/TP_PuzzleBP.upack)
[2022.02.11-19.31.18:094][  0]LogPakFile: OnPakFileMounted2Time == 0.000083
[2022.02.11-19.31.18:095][  0]LogPakFile: PakFile PrimaryIndexSize=183
[2022.02.11-19.31.18:095][  0]LogPakFile: PakFile PathHashIndexSize=101
[2022.02.11-19.31.18:095][  0]LogPakFile: PakFile FullDirectoryIndexSize=140
[2022.02.11-19.31.18:095][  0]LogShaderLibrary: Display: ShaderCodeLibraryPakFileMountedCallback: PakFile 'C:/Program Files/Epic Games/UE_4.27/FeaturePacks/TP_Rolling.upack' (chunk index -1, root 'root:/') mounted
[2022.02.11-19.31.18:095][  0]LogShaderLibrary: Display: ShaderCodeLibraryPakFileMountedCallback: pending pak file info (ChunkID:-1 Root:root:/ File:C:/Program Files/Epic Games/UE_4.27/FeaturePacks/TP_Rolling.upack)
[2022.02.11-19.31.18:095][  0]LogPakFile: OnPakFileMounted2Time == 0.000085
[2022.02.11-19.31.18:096][  0]LogPakFile: PakFile PrimaryIndexSize=185
[2022.02.11-19.31.18:096][  0]LogPakFile: PakFile PathHashIndexSize=101
[2022.02.11-19.31.18:096][  0]LogPakFile: PakFile FullDirectoryIndexSize=144
[2022.02.11-19.31.18:096][  0]LogShaderLibrary: Display: ShaderCodeLibraryPakFileMountedCallback: PakFile 'C:/Program Files/Epic Games/UE_4.27/FeaturePacks/TP_RollingBP.upack' (chunk index -1, root 'root:/') mounted
[2022.02.11-19.31.18:096][  0]LogShaderLibrary: Display: ShaderCodeLibraryPakFileMountedCallback: pending pak file info (ChunkID:-1 Root:root:/ File:C:/Program Files/Epic Games/UE_4.27/FeaturePacks/TP_RollingBP.upack)
[2022.02.11-19.31.18:096][  0]LogPakFile: OnPakFileMounted2Time == 0.000102
[2022.02.11-19.31.18:096][  0]LogPakFile: PakFile PrimaryIndexSize=188
[2022.02.11-19.31.18:096][  0]LogPakFile: PakFile PathHashIndexSize=101
[2022.02.11-19.31.18:097][  0]LogPakFile: PakFile FullDirectoryIndexSize=150
[2022.02.11-19.31.18:097][  0]LogShaderLibrary: Display: ShaderCodeLibraryPakFileMountedCallback: PakFile 'C:/Program Files/Epic Games/UE_4.27/FeaturePacks/TP_SideScroller.upack' (chunk index -1, root 'root:/') mounted
[2022.02.11-19.31.18:097][  0]LogShaderLibrary: Display: ShaderCodeLibraryPakFileMountedCallback: pending pak file info (ChunkID:-1 Root:root:/ File:C:/Program Files/Epic Games/UE_4.27/FeaturePacks/TP_SideScroller.upack)
[2022.02.11-19.31.18:097][  0]LogPakFile: OnPakFileMounted2Time == 0.000105
[2022.02.11-19.31.18:097][  0]LogPakFile: PakFile PrimaryIndexSize=190
[2022.02.11-19.31.18:097][  0]LogPakFile: PakFile PathHashIndexSize=101
[2022.02.11-19.31.18:097][  0]LogPakFile: PakFile FullDirectoryIndexSize=154
[2022.02.11-19.31.18:097][  0]LogShaderLibrary: Display: ShaderCodeLibraryPakFileMountedCallback: PakFile 'C:/Program Files/Epic Games/UE_4.27/FeaturePacks/TP_SideScrollerBP.upack' (chunk index -1, root 'root:/') mounted
[2022.02.11-19.31.18:098][  0]LogShaderLibrary: Display: ShaderCodeLibraryPakFileMountedCallback: pending pak file info (ChunkID:-1 Root:root:/ File:C:/Program Files/Epic Games/UE_4.27/FeaturePacks/TP_SideScrollerBP.upack)
[2022.02.11-19.31.18:098][  0]LogPakFile: OnPakFileMounted2Time == 0.000114
[2022.02.11-19.31.18:098][  0]LogPakFile: PakFile PrimaryIndexSize=187
[2022.02.11-19.31.18:098][  0]LogPakFile: PakFile PathHashIndexSize=101
[2022.02.11-19.31.18:098][  0]LogPakFile: PakFile FullDirectoryIndexSize=148
[2022.02.11-19.31.18:098][  0]LogShaderLibrary: Display: ShaderCodeLibraryPakFileMountedCallback: PakFile 'C:/Program Files/Epic Games/UE_4.27/FeaturePacks/TP_ThirdPerson.upack' (chunk index -1, root 'root:/') mounted
[2022.02.11-19.31.18:098][  0]LogShaderLibrary: Display: ShaderCodeLibraryPakFileMountedCallback: pending pak file info (ChunkID:-1 Root:root:/ File:C:/Program Files/Epic Games/UE_4.27/FeaturePacks/TP_ThirdPerson.upack)
[2022.02.11-19.31.18:098][  0]LogPakFile: OnPakFileMounted2Time == 0.000086
[2022.02.11-19.31.18:099][  0]LogPakFile: PakFile PrimaryIndexSize=189
[2022.02.11-19.31.18:099][  0]LogPakFile: PakFile PathHashIndexSize=101
[2022.02.11-19.31.18:099][  0]LogPakFile: PakFile FullDirectoryIndexSize=152
[2022.02.11-19.31.18:099][  0]LogShaderLibrary: Display: ShaderCodeLibraryPakFileMountedCallback: PakFile 'C:/Program Files/Epic Games/UE_4.27/FeaturePacks/TP_ThirdPersonBP.upack' (chunk index -1, root 'root:/') mounted
[2022.02.11-19.31.18:099][  0]LogShaderLibrary: Display: ShaderCodeLibraryPakFileMountedCallback: pending pak file info (ChunkID:-1 Root:root:/ File:C:/Program Files/Epic Games/UE_4.27/FeaturePacks/TP_ThirdPersonBP.upack)
[2022.02.11-19.31.18:099][  0]LogPakFile: OnPakFileMounted2Time == 0.000081
[2022.02.11-19.31.18:100][  0]LogPakFile: PakFile PrimaryIndexSize=183
[2022.02.11-19.31.18:100][  0]LogPakFile: PakFile PathHashIndexSize=101
[2022.02.11-19.31.18:100][  0]LogPakFile: PakFile FullDirectoryIndexSize=140
[2022.02.11-19.31.18:100][  0]LogShaderLibrary: Display: ShaderCodeLibraryPakFileMountedCallback: PakFile 'C:/Program Files/Epic Games/UE_4.27/FeaturePacks/TP_TopDown.upack' (chunk index -1, root 'root:/') mounted
[2022.02.11-19.31.18:100][  0]LogShaderLibrary: Display: ShaderCodeLibraryPakFileMountedCallback: pending pak file info (ChunkID:-1 Root:root:/ File:C:/Program Files/Epic Games/UE_4.27/FeaturePacks/TP_TopDown.upack)
[2022.02.11-19.31.18:100][  0]LogPakFile: OnPakFileMounted2Time == 0.000092
[2022.02.11-19.31.18:101][  0]LogPakFile: PakFile PrimaryIndexSize=185
[2022.02.11-19.31.18:101][  0]LogPakFile: PakFile PathHashIndexSize=101
[2022.02.11-19.31.18:101][  0]LogPakFile: PakFile FullDirectoryIndexSize=144
[2022.02.11-19.31.18:101][  0]LogShaderLibrary: Display: ShaderCodeLibraryPakFileMountedCallback: PakFile 'C:/Program Files/Epic Games/UE_4.27/FeaturePacks/TP_TopDownBP.upack' (chunk index -1, root 'root:/') mounted
[2022.02.11-19.31.18:101][  0]LogShaderLibrary: Display: ShaderCodeLibraryPakFileMountedCallback: pending pak file info (ChunkID:-1 Root:root:/ File:C:/Program Files/Epic Games/UE_4.27/FeaturePacks/TP_TopDownBP.upack)
[2022.02.11-19.31.18:101][  0]LogPakFile: OnPakFileMounted2Time == 0.000163
[2022.02.11-19.31.18:102][  0]LogPakFile: PakFile PrimaryIndexSize=185
[2022.02.11-19.31.18:102][  0]LogPakFile: PakFile PathHashIndexSize=101
[2022.02.11-19.31.18:102][  0]LogPakFile: PakFile FullDirectoryIndexSize=144
[2022.02.11-19.31.18:102][  0]LogShaderLibrary: Display: ShaderCodeLibraryPakFileMountedCallback: PakFile 'C:/Program Files/Epic Games/UE_4.27/FeaturePacks/TP_TwinStick.upack' (chunk index -1, root 'root:/') mounted
[2022.02.11-19.31.18:102][  0]LogShaderLibrary: Display: ShaderCodeLibraryPakFileMountedCallback: pending pak file info (ChunkID:-1 Root:root:/ File:C:/Program Files/Epic Games/UE_4.27/FeaturePacks/TP_TwinStick.upack)
[2022.02.11-19.31.18:102][  0]LogPakFile: OnPakFileMounted2Time == 0.000083
[2022.02.11-19.31.18:103][  0]LogPakFile: PakFile PrimaryIndexSize=187
[2022.02.11-19.31.18:103][  0]LogPakFile: PakFile PathHashIndexSize=101
[2022.02.11-19.31.18:103][  0]LogPakFile: PakFile FullDirectoryIndexSize=148
[2022.02.11-19.31.18:103][  0]LogShaderLibrary: Display: ShaderCodeLibraryPakFileMountedCallback: PakFile 'C:/Program Files/Epic Games/UE_4.27/FeaturePacks/TP_TwinStickBP.upack' (chunk index -1, root 'root:/') mounted
[2022.02.11-19.31.18:103][  0]LogShaderLibrary: Display: ShaderCodeLibraryPakFileMountedCallback: pending pak file info (ChunkID:-1 Root:root:/ File:C:/Program Files/Epic Games/UE_4.27/FeaturePacks/TP_TwinStickBP.upack)
[2022.02.11-19.31.18:103][  0]LogPakFile: OnPakFileMounted2Time == 0.000081
[2022.02.11-19.31.18:104][  0]LogPakFile: PakFile PrimaryIndexSize=183
[2022.02.11-19.31.18:104][  0]LogPakFile: PakFile PathHashIndexSize=101
[2022.02.11-19.31.18:104][  0]LogPakFile: PakFile FullDirectoryIndexSize=140
[2022.02.11-19.31.18:104][  0]LogShaderLibrary: Display: ShaderCodeLibraryPakFileMountedCallback: PakFile 'C:/Program Files/Epic Games/UE_4.27/FeaturePacks/TP_Vehicle.upack' (chunk index -1, root 'root:/') mounted
[2022.02.11-19.31.18:104][  0]LogShaderLibrary: Display: ShaderCodeLibraryPakFileMountedCallback: pending pak file info (ChunkID:-1 Root:root:/ File:C:/Program Files/Epic Games/UE_4.27/FeaturePacks/TP_Vehicle.upack)
[2022.02.11-19.31.18:104][  0]LogPakFile: OnPakFileMounted2Time == 0.000078
[2022.02.11-19.31.18:104][  0]LogPakFile: PakFile PrimaryIndexSize=186
[2022.02.11-19.31.18:105][  0]LogPakFile: PakFile PathHashIndexSize=101
[2022.02.11-19.31.18:105][  0]LogPakFile: PakFile FullDirectoryIndexSize=146
[2022.02.11-19.31.18:105][  0]LogShaderLibrary: Display: ShaderCodeLibraryPakFileMountedCallback: PakFile 'C:/Program Files/Epic Games/UE_4.27/FeaturePacks/TP_VehicleAdv.upack' (chunk index -1, root 'root:/') mounted
[2022.02.11-19.31.18:105][  0]LogShaderLibrary: Display: ShaderCodeLibraryPakFileMountedCallback: pending pak file info (ChunkID:-1 Root:root:/ File:C:/Program Files/Epic Games/UE_4.27/FeaturePacks/TP_VehicleAdv.upack)
[2022.02.11-19.31.18:105][  0]LogPakFile: OnPakFileMounted2Time == 0.000097
[2022.02.11-19.31.18:105][  0]LogPakFile: PakFile PrimaryIndexSize=188
[2022.02.11-19.31.18:105][  0]LogPakFile: PakFile PathHashIndexSize=101
[2022.02.11-19.31.18:106][  0]LogPakFile: PakFile FullDirectoryIndexSize=150
[2022.02.11-19.31.18:106][  0]LogShaderLibrary: Display: ShaderCodeLibraryPakFileMountedCallback: PakFile 'C:/Program Files/Epic Games/UE_4.27/FeaturePacks/TP_VehicleAdvBP.upack' (chunk index -1, root 'root:/') mounted
[2022.02.11-19.31.18:106][  0]LogShaderLibrary: Display: ShaderCodeLibraryPakFileMountedCallback: pending pak file info (ChunkID:-1 Root:root:/ File:C:/Program Files/Epic Games/UE_4.27/FeaturePacks/TP_VehicleAdvBP.upack)
[2022.02.11-19.31.18:106][  0]LogPakFile: OnPakFileMounted2Time == 0.000113
[2022.02.11-19.31.18:106][  0]LogPakFile: PakFile PrimaryIndexSize=185
[2022.02.11-19.31.18:106][  0]LogPakFile: PakFile PathHashIndexSize=101
[2022.02.11-19.31.18:107][  0]LogPakFile: PakFile FullDirectoryIndexSize=144
[2022.02.11-19.31.18:107][  0]LogShaderLibrary: Display: ShaderCodeLibraryPakFileMountedCallback: PakFile 'C:/Program Files/Epic Games/UE_4.27/FeaturePacks/TP_VehicleBP.upack' (chunk index -1, root 'root:/') mounted
[2022.02.11-19.31.18:107][  0]LogShaderLibrary: Display: ShaderCodeLibraryPakFileMountedCallback: pending pak file info (ChunkID:-1 Root:root:/ File:C:/Program Files/Epic Games/UE_4.27/FeaturePacks/TP_VehicleBP.upack)
[2022.02.11-19.31.18:107][  0]LogPakFile: OnPakFileMounted2Time == 0.000145
[2022.02.11-19.31.18:107][  0]LogPakFile: PakFile PrimaryIndexSize=192
[2022.02.11-19.31.18:107][  0]LogPakFile: PakFile PathHashIndexSize=101
[2022.02.11-19.31.18:108][  0]LogPakFile: PakFile FullDirectoryIndexSize=158
[2022.02.11-19.31.18:108][  0]LogShaderLibrary: Display: ShaderCodeLibraryPakFileMountedCallback: PakFile 'C:/Program Files/Epic Games/UE_4.27/FeaturePacks/TP_VirtualRealityBP.upack' (chunk index -1, root 'root:/') mounted
[2022.02.11-19.31.18:108][  0]LogShaderLibrary: Display: ShaderCodeLibraryPakFileMountedCallback: pending pak file info (ChunkID:-1 Root:root:/ File:C:/Program Files/Epic Games/UE_4.27/FeaturePacks/TP_VirtualRealityBP.upack)
[2022.02.11-19.31.18:108][  0]LogPakFile: OnPakFileMounted2Time == 0.000194
[2022.02.11-19.31.18:168][  0]LogNativeClassHierarchy: Verbose: Native class hierarchy updated for 'AddContentDialog' in 0.0003 seconds. Added 0 classes and 0 folders.
[2022.02.11-19.31.18:169][  0]LogNativeClassHierarchy: Verbose: Native class hierarchy updated for 'SceneOutliner' in 0.0002 seconds. Added 2 classes and 0 folders.
[2022.02.11-19.31.18:210][  0]LogSlate: Took 0.000224 seconds to synchronously load lazily loaded font '../../../Engine/Content/Slate/Fonts/Roboto-Regular.ttf' (155K)
[2022.02.11-19.31.18:211][  0]LogSlate: Took 0.000120 seconds to synchronously load lazily loaded font '../../../Engine/Content/Editor/Slate/Fonts/FontAwesome.ttf' (139K)
[2022.02.11-19.31.18:211][  0]LogSlate: Took 0.000101 seconds to synchronously load lazily loaded font '../../../Engine/Content/Slate/Fonts/Roboto-Bold.ttf' (160K)
[2022.02.11-19.31.18:305][  0]LogRenderer: Reallocating scene render targets to support 1208x572 Format 10 NumSamples 1 (Frame:1).
[2022.02.11-19.31.18:616][  0]LogNativeClassHierarchy: Verbose: Native class hierarchy updated for 'HierarchicalLODOutliner' in 0.0003 seconds. Added 0 classes and 0 folders.
[2022.02.11-19.31.18:616][  0]LogLoad: (Engine Initialization) Total time: 9.99 seconds
[2022.02.11-19.31.18:617][  0]LogLoad: (Engine Initialization) Total Blueprint compile time: 0.00 seconds
[2022.02.11-19.31.18:664][  0]LogAssetRegistry: Asset discovery search completed in 5.1643 seconds
[2022.02.11-19.31.18:670][  0]LogCollectionManager: Fixed up redirectors for 0 collections in 0.000005 seconds (updated 0 objects)
[2022.02.11-19.31.18:672][  0]LogContentStreaming: Texture pool size now 1000 MB
[2022.02.11-19.31.18:769][  2]LogSlate: Took 0.000187 seconds to synchronously load lazily loaded font '../../../Engine/Content/Slate/Fonts/Roboto-Light.ttf' (167K)
